2024-11-16 09:07:56 [INFO]: Fetching tasks scheduled for execution...
2024-11-16 09:07:56 [INFO]: Connected to the database.
2024-11-16 09:07:56 [INFO]: Found 21 tasks to execute.
2024-11-16 09:07:56 [INFO]: Processing task ID: 185
2024-11-16 09:07:56 [INFO]: Processing task ID: 187
2024-11-16 09:07:56 [INFO]: Processing task ID: 188
2024-11-16 09:07:56 [INFO]: Processing task ID: 196
2024-11-16 09:07:56 [INFO]: Processing task ID: 199
2024-11-16 09:07:56 [INFO]: Processing task ID: 202
2024-11-16 09:07:56 [INFO]: Processing task ID: 204
2024-11-16 09:07:56 [INFO]: Processing task ID: 205
2024-11-16 09:07:56 [INFO]: Processing task ID: 208
2024-11-16 09:07:56 [INFO]: Processing task ID: 209
2024-11-16 09:07:56 [INFO]: Processing task ID: 211
2024-11-16 09:07:56 [INFO]: Processing task ID: 212
2024-11-16 09:07:56 [INFO]: Processing task ID: 213
2024-11-16 09:07:56 [INFO]: Processing task ID: 218
2024-11-16 09:07:56 [INFO]: Processing task ID: 221
2024-11-16 09:07:56 [INFO]: Processing task ID: 223
2024-11-16 09:07:56 [INFO]: Processing task ID: 225
2024-11-16 09:07:56 [INFO]: Processing task ID: 226
2024-11-16 09:07:56 [INFO]: Processing task ID: 228
2024-11-16 09:07:56 [INFO]: Processing task ID: 229
2024-11-16 09:07:56 [INFO]: Processing task ID: 231
2024-11-16 09:07:56 [INFO]: All tasks processed successfully.
2024-11-16 09:07:56 [INFO]: Database connection closed.
2024-11-16 09:11:53 [INFO]: Fetching tasks scheduled for execution...
2024-11-16 09:11:53 [INFO]: Connected to the database.
2024-11-16 09:11:53 [INFO]: Found 21 tasks to execute.
2024-11-16 09:11:53 [INFO]: Processing task ID: 185
2024-11-16 09:11:53 [INFO]: lastRunTimestamp: 1731834000000
2024-11-16 09:11:53 [INFO]: tsAfter: 1731748493833
2024-11-16 09:11:53 [INFO]: tsBefore: 1731748193833
2024-11-16 09:11:53 [INFO]: Processing task ID: 187
2024-11-16 09:11:53 [INFO]: lastRunTimestamp: 1731834000000
2024-11-16 09:11:53 [INFO]: tsAfter: 1731748493833
2024-11-16 09:11:53 [INFO]: tsBefore: 1731748193833
2024-11-16 09:11:53 [INFO]: Processing task ID: 188
2024-11-16 09:11:53 [INFO]: lastRunTimestamp: 1731834000000
2024-11-16 09:11:53 [INFO]: tsAfter: 1731748493833
2024-11-16 09:11:53 [INFO]: tsBefore: 1731748193833
2024-11-16 09:11:53 [INFO]: Processing task ID: 196
2024-11-16 09:11:53 [INFO]: lastRunTimestamp: 1731834000000
2024-11-16 09:11:53 [INFO]: tsAfter: 1731748493833
2024-11-16 09:11:53 [INFO]: tsBefore: 1731748193833
2024-11-16 09:11:53 [INFO]: Processing task ID: 199
2024-11-16 09:11:53 [INFO]: lastRunTimestamp: 1731834000000
2024-11-16 09:11:53 [INFO]: tsAfter: 1731748493833
2024-11-16 09:11:53 [INFO]: tsBefore: 1731748193833
2024-11-16 09:11:53 [INFO]: Processing task ID: 202
2024-11-16 09:11:53 [INFO]: lastRunTimestamp: 1731834000000
2024-11-16 09:11:53 [INFO]: tsAfter: 1731748493833
2024-11-16 09:11:53 [INFO]: tsBefore: 1731748193833
2024-11-16 09:11:53 [INFO]: Processing task ID: 204
2024-11-16 09:11:53 [INFO]: lastRunTimestamp: 1731834000000
2024-11-16 09:11:53 [INFO]: tsAfter: 1731748493833
2024-11-16 09:11:53 [INFO]: tsBefore: 1731748193833
2024-11-16 09:11:53 [INFO]: Processing task ID: 205
2024-11-16 09:11:53 [INFO]: lastRunTimestamp: 1731834000000
2024-11-16 09:11:53 [INFO]: tsAfter: 1731748493833
2024-11-16 09:11:53 [INFO]: tsBefore: 1731748193833
2024-11-16 09:11:53 [INFO]: Processing task ID: 208
2024-11-16 09:11:53 [INFO]: lastRunTimestamp: 1731834000000
2024-11-16 09:11:53 [INFO]: tsAfter: 1731748493833
2024-11-16 09:11:53 [INFO]: tsBefore: 1731748193833
2024-11-16 09:11:53 [INFO]: Processing task ID: 209
2024-11-16 09:11:53 [INFO]: lastRunTimestamp: 1731834000000
2024-11-16 09:11:53 [INFO]: tsAfter: 1731748493833
2024-11-16 09:11:53 [INFO]: tsBefore: 1731748193833
2024-11-16 09:11:53 [INFO]: Processing task ID: 211
2024-11-16 09:11:53 [INFO]: lastRunTimestamp: 1731834000000
2024-11-16 09:11:53 [INFO]: tsAfter: 1731748493833
2024-11-16 09:11:53 [INFO]: tsBefore: 1731748193833
2024-11-16 09:11:53 [INFO]: Processing task ID: 212
2024-11-16 09:11:53 [INFO]: lastRunTimestamp: 1731834000000
2024-11-16 09:11:53 [INFO]: tsAfter: 1731748493833
2024-11-16 09:11:53 [INFO]: tsBefore: 1731748193833
2024-11-16 09:11:53 [INFO]: Processing task ID: 213
2024-11-16 09:11:53 [INFO]: lastRunTimestamp: 1731834000000
2024-11-16 09:11:53 [INFO]: tsAfter: 1731748493833
2024-11-16 09:11:53 [INFO]: tsBefore: 1731748193833
2024-11-16 09:11:53 [INFO]: Processing task ID: 218
2024-11-16 09:11:53 [INFO]: lastRunTimestamp: 1731834000000
2024-11-16 09:11:53 [INFO]: tsAfter: 1731748493833
2024-11-16 09:11:53 [INFO]: tsBefore: 1731748193833
2024-11-16 09:11:53 [INFO]: Processing task ID: 221
2024-11-16 09:11:53 [INFO]: lastRunTimestamp: 1731834000000
2024-11-16 09:11:53 [INFO]: tsAfter: 1731748493833
2024-11-16 09:11:53 [INFO]: tsBefore: 1731748193833
2024-11-16 09:11:53 [INFO]: Processing task ID: 223
2024-11-16 09:11:53 [INFO]: lastRunTimestamp: 1731834000000
2024-11-16 09:11:53 [INFO]: tsAfter: 1731748493833
2024-11-16 09:11:53 [INFO]: tsBefore: 1731748193833
2024-11-16 09:11:53 [INFO]: Processing task ID: 225
2024-11-16 09:11:53 [INFO]: lastRunTimestamp: 1731834000000
2024-11-16 09:11:53 [INFO]: tsAfter: 1731748493833
2024-11-16 09:11:53 [INFO]: tsBefore: 1731748193833
2024-11-16 09:11:53 [INFO]: Processing task ID: 226
2024-11-16 09:11:53 [INFO]: lastRunTimestamp: 1731834000000
2024-11-16 09:11:53 [INFO]: tsAfter: 1731748493833
2024-11-16 09:11:53 [INFO]: tsBefore: 1731748193833
2024-11-16 09:11:53 [INFO]: Processing task ID: 228
2024-11-16 09:11:53 [INFO]: lastRunTimestamp: 1731834000000
2024-11-16 09:11:53 [INFO]: tsAfter: 1731748493833
2024-11-16 09:11:53 [INFO]: tsBefore: 1731748193833
2024-11-16 09:11:53 [INFO]: Processing task ID: 229
2024-11-16 09:11:53 [INFO]: lastRunTimestamp: 1731834000000
2024-11-16 09:11:53 [INFO]: tsAfter: 1731748493833
2024-11-16 09:11:53 [INFO]: tsBefore: 1731748193833
2024-11-16 09:11:53 [INFO]: Processing task ID: 231
2024-11-16 09:11:53 [INFO]: lastRunTimestamp: 1731754500000
2024-11-16 09:11:53 [INFO]: tsAfter: 1731748493833
2024-11-16 09:11:53 [INFO]: tsBefore: 1731748193833
2024-11-16 09:11:53 [INFO]: All tasks processed successfully.
2024-11-16 09:11:54 [INFO]: Database connection closed.
2024-11-16 09:14:02 [INFO]: Fetching tasks scheduled for execution...
2024-11-16 09:14:02 [INFO]: Connected to the database.
2024-11-16 09:14:02 [INFO]: Found 21 tasks to execute.
2024-11-16 09:14:02 [INFO]: Processing task ID: 185
2024-11-16 09:14:02 [INFO]: lastRunTimestamp: Sun Nov 17 2024
2024-11-16 09:14:02 [INFO]: tsAfter: Sat Nov 16 2024
2024-11-16 09:14:02 [INFO]: tsBefore: Sat Nov 16 2024
2024-11-16 09:14:02 [INFO]: Processing task ID: 187
2024-11-16 09:14:02 [INFO]: lastRunTimestamp: Sun Nov 17 2024
2024-11-16 09:14:02 [INFO]: tsAfter: Sat Nov 16 2024
2024-11-16 09:14:02 [INFO]: tsBefore: Sat Nov 16 2024
2024-11-16 09:14:02 [INFO]: Processing task ID: 188
2024-11-16 09:14:02 [INFO]: lastRunTimestamp: Sun Nov 17 2024
2024-11-16 09:14:02 [INFO]: tsAfter: Sat Nov 16 2024
2024-11-16 09:14:02 [INFO]: tsBefore: Sat Nov 16 2024
2024-11-16 09:14:02 [INFO]: Processing task ID: 196
2024-11-16 09:14:02 [INFO]: lastRunTimestamp: Sun Nov 17 2024
2024-11-16 09:14:02 [INFO]: tsAfter: Sat Nov 16 2024
2024-11-16 09:14:02 [INFO]: tsBefore: Sat Nov 16 2024
2024-11-16 09:14:02 [INFO]: Processing task ID: 199
2024-11-16 09:14:02 [INFO]: lastRunTimestamp: Sun Nov 17 2024
2024-11-16 09:14:02 [INFO]: tsAfter: Sat Nov 16 2024
2024-11-16 09:14:02 [INFO]: tsBefore: Sat Nov 16 2024
2024-11-16 09:14:02 [INFO]: Processing task ID: 202
2024-11-16 09:14:02 [INFO]: lastRunTimestamp: Sun Nov 17 2024
2024-11-16 09:14:02 [INFO]: tsAfter: Sat Nov 16 2024
2024-11-16 09:14:02 [INFO]: tsBefore: Sat Nov 16 2024
2024-11-16 09:14:02 [INFO]: Processing task ID: 204
2024-11-16 09:14:02 [INFO]: lastRunTimestamp: Sun Nov 17 2024
2024-11-16 09:14:02 [INFO]: tsAfter: Sat Nov 16 2024
2024-11-16 09:14:02 [INFO]: tsBefore: Sat Nov 16 2024
2024-11-16 09:14:02 [INFO]: Processing task ID: 205
2024-11-16 09:14:02 [INFO]: lastRunTimestamp: Sun Nov 17 2024
2024-11-16 09:14:02 [INFO]: tsAfter: Sat Nov 16 2024
2024-11-16 09:14:02 [INFO]: tsBefore: Sat Nov 16 2024
2024-11-16 09:14:02 [INFO]: Processing task ID: 208
2024-11-16 09:14:02 [INFO]: lastRunTimestamp: Sun Nov 17 2024
2024-11-16 09:14:02 [INFO]: tsAfter: Sat Nov 16 2024
2024-11-16 09:14:02 [INFO]: tsBefore: Sat Nov 16 2024
2024-11-16 09:14:02 [INFO]: Processing task ID: 209
2024-11-16 09:14:02 [INFO]: lastRunTimestamp: Sun Nov 17 2024
2024-11-16 09:14:02 [INFO]: tsAfter: Sat Nov 16 2024
2024-11-16 09:14:02 [INFO]: tsBefore: Sat Nov 16 2024
2024-11-16 09:14:02 [INFO]: Processing task ID: 211
2024-11-16 09:14:02 [INFO]: lastRunTimestamp: Sun Nov 17 2024
2024-11-16 09:14:02 [INFO]: tsAfter: Sat Nov 16 2024
2024-11-16 09:14:02 [INFO]: tsBefore: Sat Nov 16 2024
2024-11-16 09:14:02 [INFO]: Processing task ID: 212
2024-11-16 09:14:02 [INFO]: lastRunTimestamp: Sun Nov 17 2024
2024-11-16 09:14:02 [INFO]: tsAfter: Sat Nov 16 2024
2024-11-16 09:14:02 [INFO]: tsBefore: Sat Nov 16 2024
2024-11-16 09:14:02 [INFO]: Processing task ID: 213
2024-11-16 09:14:02 [INFO]: lastRunTimestamp: Sun Nov 17 2024
2024-11-16 09:14:02 [INFO]: tsAfter: Sat Nov 16 2024
2024-11-16 09:14:02 [INFO]: tsBefore: Sat Nov 16 2024
2024-11-16 09:14:02 [INFO]: Processing task ID: 218
2024-11-16 09:14:02 [INFO]: lastRunTimestamp: Sun Nov 17 2024
2024-11-16 09:14:02 [INFO]: tsAfter: Sat Nov 16 2024
2024-11-16 09:14:02 [INFO]: tsBefore: Sat Nov 16 2024
2024-11-16 09:14:02 [INFO]: Processing task ID: 221
2024-11-16 09:14:02 [INFO]: lastRunTimestamp: Sun Nov 17 2024
2024-11-16 09:14:02 [INFO]: tsAfter: Sat Nov 16 2024
2024-11-16 09:14:02 [INFO]: tsBefore: Sat Nov 16 2024
2024-11-16 09:14:02 [INFO]: Processing task ID: 223
2024-11-16 09:14:02 [INFO]: lastRunTimestamp: Sun Nov 17 2024
2024-11-16 09:14:02 [INFO]: tsAfter: Sat Nov 16 2024
2024-11-16 09:14:02 [INFO]: tsBefore: Sat Nov 16 2024
2024-11-16 09:14:02 [INFO]: Processing task ID: 225
2024-11-16 09:14:02 [INFO]: lastRunTimestamp: Sun Nov 17 2024
2024-11-16 09:14:02 [INFO]: tsAfter: Sat Nov 16 2024
2024-11-16 09:14:02 [INFO]: tsBefore: Sat Nov 16 2024
2024-11-16 09:14:02 [INFO]: Processing task ID: 226
2024-11-16 09:14:02 [INFO]: lastRunTimestamp: Sun Nov 17 2024
2024-11-16 09:14:02 [INFO]: tsAfter: Sat Nov 16 2024
2024-11-16 09:14:02 [INFO]: tsBefore: Sat Nov 16 2024
2024-11-16 09:14:02 [INFO]: Processing task ID: 228
2024-11-16 09:14:02 [INFO]: lastRunTimestamp: Sun Nov 17 2024
2024-11-16 09:14:02 [INFO]: tsAfter: Sat Nov 16 2024
2024-11-16 09:14:02 [INFO]: tsBefore: Sat Nov 16 2024
2024-11-16 09:14:02 [INFO]: Processing task ID: 229
2024-11-16 09:14:02 [INFO]: lastRunTimestamp: Sun Nov 17 2024
2024-11-16 09:14:02 [INFO]: tsAfter: Sat Nov 16 2024
2024-11-16 09:14:02 [INFO]: tsBefore: Sat Nov 16 2024
2024-11-16 09:14:02 [INFO]: Processing task ID: 231
2024-11-16 09:14:02 [INFO]: lastRunTimestamp: Sat Nov 16 2024
2024-11-16 09:14:02 [INFO]: tsAfter: Sat Nov 16 2024
2024-11-16 09:14:02 [INFO]: tsBefore: Sat Nov 16 2024
2024-11-16 09:14:02 [INFO]: All tasks processed successfully.
2024-11-16 09:14:02 [INFO]: Database connection closed.
2024-11-16 09:14:16 [INFO]: Fetching tasks scheduled for execution...
2024-11-16 09:14:16 [INFO]: Connected to the database.
2024-11-16 09:14:16 [INFO]: Found 21 tasks to execute.
2024-11-16 09:14:16 [INFO]: Processing task ID: 185
2024-11-16 09:14:16 [INFO]: lastRunTimestamp: 10:00:00 GMT+0100 (Ora standard dell’Europa centrale)
2024-11-16 09:14:16 [INFO]: tsAfter: 10:17:16 GMT+0100 (Ora standard dell’Europa centrale)
2024-11-16 09:14:16 [INFO]: tsBefore: 10:12:16 GMT+0100 (Ora standard dell’Europa centrale)
2024-11-16 09:14:16 [INFO]: Processing task ID: 187
2024-11-16 09:14:16 [INFO]: lastRunTimestamp: 10:00:00 GMT+0100 (Ora standard dell’Europa centrale)
2024-11-16 09:14:16 [INFO]: tsAfter: 10:17:16 GMT+0100 (Ora standard dell’Europa centrale)
2024-11-16 09:14:16 [INFO]: tsBefore: 10:12:16 GMT+0100 (Ora standard dell’Europa centrale)
2024-11-16 09:14:16 [INFO]: Processing task ID: 188
2024-11-16 09:14:16 [INFO]: lastRunTimestamp: 10:00:00 GMT+0100 (Ora standard dell’Europa centrale)
2024-11-16 09:14:16 [INFO]: tsAfter: 10:17:16 GMT+0100 (Ora standard dell’Europa centrale)
2024-11-16 09:14:16 [INFO]: tsBefore: 10:12:16 GMT+0100 (Ora standard dell’Europa centrale)
2024-11-16 09:14:16 [INFO]: Processing task ID: 196
2024-11-16 09:14:16 [INFO]: lastRunTimestamp: 10:00:00 GMT+0100 (Ora standard dell’Europa centrale)
2024-11-16 09:14:16 [INFO]: tsAfter: 10:17:16 GMT+0100 (Ora standard dell’Europa centrale)
2024-11-16 09:14:16 [INFO]: tsBefore: 10:12:16 GMT+0100 (Ora standard dell’Europa centrale)
2024-11-16 09:14:16 [INFO]: Processing task ID: 199
2024-11-16 09:14:16 [INFO]: lastRunTimestamp: 10:00:00 GMT+0100 (Ora standard dell’Europa centrale)
2024-11-16 09:14:16 [INFO]: tsAfter: 10:17:16 GMT+0100 (Ora standard dell’Europa centrale)
2024-11-16 09:14:16 [INFO]: tsBefore: 10:12:16 GMT+0100 (Ora standard dell’Europa centrale)
2024-11-16 09:14:16 [INFO]: Processing task ID: 202
2024-11-16 09:14:16 [INFO]: lastRunTimestamp: 10:00:00 GMT+0100 (Ora standard dell’Europa centrale)
2024-11-16 09:14:16 [INFO]: tsAfter: 10:17:16 GMT+0100 (Ora standard dell’Europa centrale)
2024-11-16 09:14:16 [INFO]: tsBefore: 10:12:16 GMT+0100 (Ora standard dell’Europa centrale)
2024-11-16 09:14:16 [INFO]: Processing task ID: 204
2024-11-16 09:14:16 [INFO]: lastRunTimestamp: 10:00:00 GMT+0100 (Ora standard dell’Europa centrale)
2024-11-16 09:14:16 [INFO]: tsAfter: 10:17:16 GMT+0100 (Ora standard dell’Europa centrale)
2024-11-16 09:14:16 [INFO]: tsBefore: 10:12:16 GMT+0100 (Ora standard dell’Europa centrale)
2024-11-16 09:14:16 [INFO]: Processing task ID: 205
2024-11-16 09:14:16 [INFO]: lastRunTimestamp: 10:00:00 GMT+0100 (Ora standard dell’Europa centrale)
2024-11-16 09:14:16 [INFO]: tsAfter: 10:17:16 GMT+0100 (Ora standard dell’Europa centrale)
2024-11-16 09:14:16 [INFO]: tsBefore: 10:12:16 GMT+0100 (Ora standard dell’Europa centrale)
2024-11-16 09:14:16 [INFO]: Processing task ID: 208
2024-11-16 09:14:16 [INFO]: lastRunTimestamp: 10:00:00 GMT+0100 (Ora standard dell’Europa centrale)
2024-11-16 09:14:16 [INFO]: tsAfter: 10:17:16 GMT+0100 (Ora standard dell’Europa centrale)
2024-11-16 09:14:16 [INFO]: tsBefore: 10:12:16 GMT+0100 (Ora standard dell’Europa centrale)
2024-11-16 09:14:16 [INFO]: Processing task ID: 209
2024-11-16 09:14:16 [INFO]: lastRunTimestamp: 10:00:00 GMT+0100 (Ora standard dell’Europa centrale)
2024-11-16 09:14:16 [INFO]: tsAfter: 10:17:16 GMT+0100 (Ora standard dell’Europa centrale)
2024-11-16 09:14:16 [INFO]: tsBefore: 10:12:16 GMT+0100 (Ora standard dell’Europa centrale)
2024-11-16 09:14:16 [INFO]: Processing task ID: 211
2024-11-16 09:14:16 [INFO]: lastRunTimestamp: 10:00:00 GMT+0100 (Ora standard dell’Europa centrale)
2024-11-16 09:14:16 [INFO]: tsAfter: 10:17:16 GMT+0100 (Ora standard dell’Europa centrale)
2024-11-16 09:14:16 [INFO]: tsBefore: 10:12:16 GMT+0100 (Ora standard dell’Europa centrale)
2024-11-16 09:14:16 [INFO]: Processing task ID: 212
2024-11-16 09:14:16 [INFO]: lastRunTimestamp: 10:00:00 GMT+0100 (Ora standard dell’Europa centrale)
2024-11-16 09:14:16 [INFO]: tsAfter: 10:17:16 GMT+0100 (Ora standard dell’Europa centrale)
2024-11-16 09:14:16 [INFO]: tsBefore: 10:12:16 GMT+0100 (Ora standard dell’Europa centrale)
2024-11-16 09:14:16 [INFO]: Processing task ID: 213
2024-11-16 09:14:16 [INFO]: lastRunTimestamp: 10:00:00 GMT+0100 (Ora standard dell’Europa centrale)
2024-11-16 09:14:16 [INFO]: tsAfter: 10:17:16 GMT+0100 (Ora standard dell’Europa centrale)
2024-11-16 09:14:16 [INFO]: tsBefore: 10:12:16 GMT+0100 (Ora standard dell’Europa centrale)
2024-11-16 09:14:16 [INFO]: Processing task ID: 218
2024-11-16 09:14:16 [INFO]: lastRunTimestamp: 10:00:00 GMT+0100 (Ora standard dell’Europa centrale)
2024-11-16 09:14:16 [INFO]: tsAfter: 10:17:16 GMT+0100 (Ora standard dell’Europa centrale)
2024-11-16 09:14:16 [INFO]: tsBefore: 10:12:16 GMT+0100 (Ora standard dell’Europa centrale)
2024-11-16 09:14:16 [INFO]: Processing task ID: 221
2024-11-16 09:14:16 [INFO]: lastRunTimestamp: 10:00:00 GMT+0100 (Ora standard dell’Europa centrale)
2024-11-16 09:14:16 [INFO]: tsAfter: 10:17:16 GMT+0100 (Ora standard dell’Europa centrale)
2024-11-16 09:14:16 [INFO]: tsBefore: 10:12:16 GMT+0100 (Ora standard dell’Europa centrale)
2024-11-16 09:14:16 [INFO]: Processing task ID: 223
2024-11-16 09:14:16 [INFO]: lastRunTimestamp: 10:00:00 GMT+0100 (Ora standard dell’Europa centrale)
2024-11-16 09:14:16 [INFO]: tsAfter: 10:17:16 GMT+0100 (Ora standard dell’Europa centrale)
2024-11-16 09:14:16 [INFO]: tsBefore: 10:12:16 GMT+0100 (Ora standard dell’Europa centrale)
2024-11-16 09:14:16 [INFO]: Processing task ID: 225
2024-11-16 09:14:16 [INFO]: lastRunTimestamp: 10:00:00 GMT+0100 (Ora standard dell’Europa centrale)
2024-11-16 09:14:16 [INFO]: tsAfter: 10:17:16 GMT+0100 (Ora standard dell’Europa centrale)
2024-11-16 09:14:16 [INFO]: tsBefore: 10:12:16 GMT+0100 (Ora standard dell’Europa centrale)
2024-11-16 09:14:16 [INFO]: Processing task ID: 226
2024-11-16 09:14:16 [INFO]: lastRunTimestamp: 10:00:00 GMT+0100 (Ora standard dell’Europa centrale)
2024-11-16 09:14:16 [INFO]: tsAfter: 10:17:16 GMT+0100 (Ora standard dell’Europa centrale)
2024-11-16 09:14:16 [INFO]: tsBefore: 10:12:16 GMT+0100 (Ora standard dell’Europa centrale)
2024-11-16 09:14:16 [INFO]: Processing task ID: 228
2024-11-16 09:14:16 [INFO]: lastRunTimestamp: 10:00:00 GMT+0100 (Ora standard dell’Europa centrale)
2024-11-16 09:14:16 [INFO]: tsAfter: 10:17:16 GMT+0100 (Ora standard dell’Europa centrale)
2024-11-16 09:14:16 [INFO]: tsBefore: 10:12:16 GMT+0100 (Ora standard dell’Europa centrale)
2024-11-16 09:14:16 [INFO]: Processing task ID: 229
2024-11-16 09:14:16 [INFO]: lastRunTimestamp: 10:00:00 GMT+0100 (Ora standard dell’Europa centrale)
2024-11-16 09:14:16 [INFO]: tsAfter: 10:17:16 GMT+0100 (Ora standard dell’Europa centrale)
2024-11-16 09:14:16 [INFO]: tsBefore: 10:12:16 GMT+0100 (Ora standard dell’Europa centrale)
2024-11-16 09:14:16 [INFO]: Processing task ID: 231
2024-11-16 09:14:16 [INFO]: lastRunTimestamp: 11:55:00 GMT+0100 (Ora standard dell’Europa centrale)
2024-11-16 09:14:16 [INFO]: tsAfter: 10:17:16 GMT+0100 (Ora standard dell’Europa centrale)
2024-11-16 09:14:16 [INFO]: tsBefore: 10:12:16 GMT+0100 (Ora standard dell’Europa centrale)
2024-11-16 09:14:16 [INFO]: All tasks processed successfully.
2024-11-16 09:14:16 [INFO]: Database connection closed.
2024-11-16 09:16:24 [INFO]: Fetching tasks scheduled for execution...
2024-11-16 09:16:24 [INFO]: Connected to the database.
2024-11-16 09:16:24 [INFO]: Found 21 tasks to execute.
2024-11-16 09:16:24 [INFO]: Processing task ID: 185
2024-11-16 09:16:24 [INFO]: lastRunTimestamp: 01:00:00 GMT+0100 (Ora standard dell’Europa centrale)
2024-11-16 09:16:24 [INFO]: tsAfter: 10:19:24 GMT+0100 (Ora standard dell’Europa centrale)
2024-11-16 09:16:24 [INFO]: tsBefore: 10:14:24 GMT+0100 (Ora standard dell’Europa centrale)
2024-11-16 09:16:24 [INFO]: Processing task ID: 187
2024-11-16 09:16:24 [INFO]: lastRunTimestamp: 01:00:00 GMT+0100 (Ora standard dell’Europa centrale)
2024-11-16 09:16:24 [INFO]: tsAfter: 10:19:24 GMT+0100 (Ora standard dell’Europa centrale)
2024-11-16 09:16:24 [INFO]: tsBefore: 10:14:24 GMT+0100 (Ora standard dell’Europa centrale)
2024-11-16 09:16:24 [INFO]: Processing task ID: 188
2024-11-16 09:16:24 [INFO]: lastRunTimestamp: 01:00:00 GMT+0100 (Ora standard dell’Europa centrale)
2024-11-16 09:16:24 [INFO]: tsAfter: 10:19:24 GMT+0100 (Ora standard dell’Europa centrale)
2024-11-16 09:16:24 [INFO]: tsBefore: 10:14:24 GMT+0100 (Ora standard dell’Europa centrale)
2024-11-16 09:16:24 [INFO]: Processing task ID: 196
2024-11-16 09:16:24 [INFO]: lastRunTimestamp: 01:00:00 GMT+0100 (Ora standard dell’Europa centrale)
2024-11-16 09:16:24 [INFO]: tsAfter: 10:19:24 GMT+0100 (Ora standard dell’Europa centrale)
2024-11-16 09:16:24 [INFO]: tsBefore: 10:14:24 GMT+0100 (Ora standard dell’Europa centrale)
2024-11-16 09:16:24 [INFO]: Processing task ID: 199
2024-11-16 09:16:24 [INFO]: lastRunTimestamp: 01:00:00 GMT+0100 (Ora standard dell’Europa centrale)
2024-11-16 09:16:24 [INFO]: tsAfter: 10:19:24 GMT+0100 (Ora standard dell’Europa centrale)
2024-11-16 09:16:24 [INFO]: tsBefore: 10:14:24 GMT+0100 (Ora standard dell’Europa centrale)
2024-11-16 09:16:24 [INFO]: Processing task ID: 202
2024-11-16 09:16:24 [INFO]: lastRunTimestamp: 01:00:00 GMT+0100 (Ora standard dell’Europa centrale)
2024-11-16 09:16:24 [INFO]: tsAfter: 10:19:24 GMT+0100 (Ora standard dell’Europa centrale)
2024-11-16 09:16:24 [INFO]: tsBefore: 10:14:24 GMT+0100 (Ora standard dell’Europa centrale)
2024-11-16 09:16:24 [INFO]: Processing task ID: 204
2024-11-16 09:16:24 [INFO]: lastRunTimestamp: 01:00:00 GMT+0100 (Ora standard dell’Europa centrale)
2024-11-16 09:16:24 [INFO]: tsAfter: 10:19:24 GMT+0100 (Ora standard dell’Europa centrale)
2024-11-16 09:16:24 [INFO]: tsBefore: 10:14:24 GMT+0100 (Ora standard dell’Europa centrale)
2024-11-16 09:16:24 [INFO]: Processing task ID: 205
2024-11-16 09:16:24 [INFO]: lastRunTimestamp: 01:00:00 GMT+0100 (Ora standard dell’Europa centrale)
2024-11-16 09:16:24 [INFO]: tsAfter: 10:19:24 GMT+0100 (Ora standard dell’Europa centrale)
2024-11-16 09:16:24 [INFO]: tsBefore: 10:14:24 GMT+0100 (Ora standard dell’Europa centrale)
2024-11-16 09:16:24 [INFO]: Processing task ID: 208
2024-11-16 09:16:24 [INFO]: lastRunTimestamp: 01:00:00 GMT+0100 (Ora standard dell’Europa centrale)
2024-11-16 09:16:24 [INFO]: tsAfter: 10:19:24 GMT+0100 (Ora standard dell’Europa centrale)
2024-11-16 09:16:24 [INFO]: tsBefore: 10:14:24 GMT+0100 (Ora standard dell’Europa centrale)
2024-11-16 09:16:24 [INFO]: Processing task ID: 209
2024-11-16 09:16:24 [INFO]: lastRunTimestamp: 01:00:00 GMT+0100 (Ora standard dell’Europa centrale)
2024-11-16 09:16:24 [INFO]: tsAfter: 10:19:24 GMT+0100 (Ora standard dell’Europa centrale)
2024-11-16 09:16:24 [INFO]: tsBefore: 10:14:24 GMT+0100 (Ora standard dell’Europa centrale)
2024-11-16 09:16:24 [INFO]: Processing task ID: 211
2024-11-16 09:16:24 [INFO]: lastRunTimestamp: 01:00:00 GMT+0100 (Ora standard dell’Europa centrale)
2024-11-16 09:16:24 [INFO]: tsAfter: 10:19:24 GMT+0100 (Ora standard dell’Europa centrale)
2024-11-16 09:16:24 [INFO]: tsBefore: 10:14:24 GMT+0100 (Ora standard dell’Europa centrale)
2024-11-16 09:16:24 [INFO]: Processing task ID: 212
2024-11-16 09:16:24 [INFO]: lastRunTimestamp: 01:00:00 GMT+0100 (Ora standard dell’Europa centrale)
2024-11-16 09:16:24 [INFO]: tsAfter: 10:19:24 GMT+0100 (Ora standard dell’Europa centrale)
2024-11-16 09:16:24 [INFO]: tsBefore: 10:14:24 GMT+0100 (Ora standard dell’Europa centrale)
2024-11-16 09:16:24 [INFO]: Processing task ID: 213
2024-11-16 09:16:24 [INFO]: lastRunTimestamp: 01:00:00 GMT+0100 (Ora standard dell’Europa centrale)
2024-11-16 09:16:24 [INFO]: tsAfter: 10:19:24 GMT+0100 (Ora standard dell’Europa centrale)
2024-11-16 09:16:24 [INFO]: tsBefore: 10:14:24 GMT+0100 (Ora standard dell’Europa centrale)
2024-11-16 09:16:24 [INFO]: Processing task ID: 218
2024-11-16 09:16:24 [INFO]: lastRunTimestamp: 01:00:00 GMT+0100 (Ora standard dell’Europa centrale)
2024-11-16 09:16:24 [INFO]: tsAfter: 10:19:24 GMT+0100 (Ora standard dell’Europa centrale)
2024-11-16 09:16:24 [INFO]: tsBefore: 10:14:24 GMT+0100 (Ora standard dell’Europa centrale)
2024-11-16 09:16:24 [INFO]: Processing task ID: 221
2024-11-16 09:16:24 [INFO]: lastRunTimestamp: 01:00:00 GMT+0100 (Ora standard dell’Europa centrale)
2024-11-16 09:16:24 [INFO]: tsAfter: 10:19:24 GMT+0100 (Ora standard dell’Europa centrale)
2024-11-16 09:16:24 [INFO]: tsBefore: 10:14:24 GMT+0100 (Ora standard dell’Europa centrale)
2024-11-16 09:16:24 [INFO]: Processing task ID: 223
2024-11-16 09:16:24 [INFO]: lastRunTimestamp: 01:00:00 GMT+0100 (Ora standard dell’Europa centrale)
2024-11-16 09:16:24 [INFO]: tsAfter: 10:19:24 GMT+0100 (Ora standard dell’Europa centrale)
2024-11-16 09:16:24 [INFO]: tsBefore: 10:14:24 GMT+0100 (Ora standard dell’Europa centrale)
2024-11-16 09:16:24 [INFO]: Processing task ID: 225
2024-11-16 09:16:24 [INFO]: lastRunTimestamp: 01:00:00 GMT+0100 (Ora standard dell’Europa centrale)
2024-11-16 09:16:24 [INFO]: tsAfter: 10:19:24 GMT+0100 (Ora standard dell’Europa centrale)
2024-11-16 09:16:24 [INFO]: tsBefore: 10:14:24 GMT+0100 (Ora standard dell’Europa centrale)
2024-11-16 09:16:24 [INFO]: Processing task ID: 226
2024-11-16 09:16:24 [INFO]: lastRunTimestamp: 01:00:00 GMT+0100 (Ora standard dell’Europa centrale)
2024-11-16 09:16:24 [INFO]: tsAfter: 10:19:24 GMT+0100 (Ora standard dell’Europa centrale)
2024-11-16 09:16:24 [INFO]: tsBefore: 10:14:24 GMT+0100 (Ora standard dell’Europa centrale)
2024-11-16 09:16:24 [INFO]: Processing task ID: 228
2024-11-16 09:16:24 [INFO]: lastRunTimestamp: 01:00:00 GMT+0100 (Ora standard dell’Europa centrale)
2024-11-16 09:16:24 [INFO]: tsAfter: 10:19:24 GMT+0100 (Ora standard dell’Europa centrale)
2024-11-16 09:16:24 [INFO]: tsBefore: 10:14:24 GMT+0100 (Ora standard dell’Europa centrale)
2024-11-16 09:16:24 [INFO]: Processing task ID: 229
2024-11-16 09:16:24 [INFO]: lastRunTimestamp: 01:00:00 GMT+0100 (Ora standard dell’Europa centrale)
2024-11-16 09:16:24 [INFO]: tsAfter: 10:19:24 GMT+0100 (Ora standard dell’Europa centrale)
2024-11-16 09:16:24 [INFO]: tsBefore: 10:14:24 GMT+0100 (Ora standard dell’Europa centrale)
2024-11-16 09:16:24 [INFO]: Processing task ID: 231
2024-11-16 09:16:24 [INFO]: lastRunTimestamp: 03:16:00 GMT+0100 (Ora standard dell’Europa centrale)
2024-11-16 09:16:24 [INFO]: tsAfter: 10:19:24 GMT+0100 (Ora standard dell’Europa centrale)
2024-11-16 09:16:24 [INFO]: tsBefore: 10:14:24 GMT+0100 (Ora standard dell’Europa centrale)
2024-11-16 09:16:24 [INFO]: All tasks processed successfully.
2024-11-16 09:16:24 [INFO]: Database connection closed.
2024-11-16 09:16:38 [INFO]: Fetching tasks scheduled for execution...
2024-11-16 09:16:38 [INFO]: Connected to the database.
2024-11-16 09:16:38 [INFO]: Found 21 tasks to execute.
2024-11-16 09:16:38 [INFO]: Processing task ID: 185
2024-11-16 09:16:38 [INFO]: lastRunTimestamp: 10:00:00 GMT+0100 (Ora standard dell’Europa centrale)
2024-11-16 09:16:38 [INFO]: tsAfter: 10:19:38 GMT+0100 (Ora standard dell’Europa centrale)
2024-11-16 09:16:38 [INFO]: tsBefore: 10:14:38 GMT+0100 (Ora standard dell’Europa centrale)
2024-11-16 09:16:38 [INFO]: Processing task ID: 187
2024-11-16 09:16:38 [INFO]: lastRunTimestamp: 10:00:00 GMT+0100 (Ora standard dell’Europa centrale)
2024-11-16 09:16:38 [INFO]: tsAfter: 10:19:38 GMT+0100 (Ora standard dell’Europa centrale)
2024-11-16 09:16:38 [INFO]: tsBefore: 10:14:38 GMT+0100 (Ora standard dell’Europa centrale)
2024-11-16 09:16:38 [INFO]: Processing task ID: 188
2024-11-16 09:16:38 [INFO]: lastRunTimestamp: 10:00:00 GMT+0100 (Ora standard dell’Europa centrale)
2024-11-16 09:16:38 [INFO]: tsAfter: 10:19:38 GMT+0100 (Ora standard dell’Europa centrale)
2024-11-16 09:16:38 [INFO]: tsBefore: 10:14:38 GMT+0100 (Ora standard dell’Europa centrale)
2024-11-16 09:16:38 [INFO]: Processing task ID: 196
2024-11-16 09:16:38 [INFO]: lastRunTimestamp: 10:00:00 GMT+0100 (Ora standard dell’Europa centrale)
2024-11-16 09:16:38 [INFO]: tsAfter: 10:19:38 GMT+0100 (Ora standard dell’Europa centrale)
2024-11-16 09:16:38 [INFO]: tsBefore: 10:14:38 GMT+0100 (Ora standard dell’Europa centrale)
2024-11-16 09:16:38 [INFO]: Processing task ID: 199
2024-11-16 09:16:38 [INFO]: lastRunTimestamp: 10:00:00 GMT+0100 (Ora standard dell’Europa centrale)
2024-11-16 09:16:38 [INFO]: tsAfter: 10:19:38 GMT+0100 (Ora standard dell’Europa centrale)
2024-11-16 09:16:38 [INFO]: tsBefore: 10:14:38 GMT+0100 (Ora standard dell’Europa centrale)
2024-11-16 09:16:38 [INFO]: Processing task ID: 202
2024-11-16 09:16:38 [INFO]: lastRunTimestamp: 10:00:00 GMT+0100 (Ora standard dell’Europa centrale)
2024-11-16 09:16:38 [INFO]: tsAfter: 10:19:38 GMT+0100 (Ora standard dell’Europa centrale)
2024-11-16 09:16:38 [INFO]: tsBefore: 10:14:38 GMT+0100 (Ora standard dell’Europa centrale)
2024-11-16 09:16:38 [INFO]: Processing task ID: 204
2024-11-16 09:16:38 [INFO]: lastRunTimestamp: 10:00:00 GMT+0100 (Ora standard dell’Europa centrale)
2024-11-16 09:16:38 [INFO]: tsAfter: 10:19:38 GMT+0100 (Ora standard dell’Europa centrale)
2024-11-16 09:16:38 [INFO]: tsBefore: 10:14:38 GMT+0100 (Ora standard dell’Europa centrale)
2024-11-16 09:16:38 [INFO]: Processing task ID: 205
2024-11-16 09:16:38 [INFO]: lastRunTimestamp: 10:00:00 GMT+0100 (Ora standard dell’Europa centrale)
2024-11-16 09:16:38 [INFO]: tsAfter: 10:19:38 GMT+0100 (Ora standard dell’Europa centrale)
2024-11-16 09:16:38 [INFO]: tsBefore: 10:14:38 GMT+0100 (Ora standard dell’Europa centrale)
2024-11-16 09:16:38 [INFO]: Processing task ID: 208
2024-11-16 09:16:38 [INFO]: lastRunTimestamp: 10:00:00 GMT+0100 (Ora standard dell’Europa centrale)
2024-11-16 09:16:38 [INFO]: tsAfter: 10:19:38 GMT+0100 (Ora standard dell’Europa centrale)
2024-11-16 09:16:38 [INFO]: tsBefore: 10:14:38 GMT+0100 (Ora standard dell’Europa centrale)
2024-11-16 09:16:38 [INFO]: Processing task ID: 209
2024-11-16 09:16:38 [INFO]: lastRunTimestamp: 10:00:00 GMT+0100 (Ora standard dell’Europa centrale)
2024-11-16 09:16:38 [INFO]: tsAfter: 10:19:38 GMT+0100 (Ora standard dell’Europa centrale)
2024-11-16 09:16:38 [INFO]: tsBefore: 10:14:38 GMT+0100 (Ora standard dell’Europa centrale)
2024-11-16 09:16:38 [INFO]: Processing task ID: 211
2024-11-16 09:16:38 [INFO]: lastRunTimestamp: 10:00:00 GMT+0100 (Ora standard dell’Europa centrale)
2024-11-16 09:16:38 [INFO]: tsAfter: 10:19:38 GMT+0100 (Ora standard dell’Europa centrale)
2024-11-16 09:16:38 [INFO]: tsBefore: 10:14:38 GMT+0100 (Ora standard dell’Europa centrale)
2024-11-16 09:16:38 [INFO]: Processing task ID: 212
2024-11-16 09:16:38 [INFO]: lastRunTimestamp: 10:00:00 GMT+0100 (Ora standard dell’Europa centrale)
2024-11-16 09:16:38 [INFO]: tsAfter: 10:19:38 GMT+0100 (Ora standard dell’Europa centrale)
2024-11-16 09:16:38 [INFO]: tsBefore: 10:14:38 GMT+0100 (Ora standard dell’Europa centrale)
2024-11-16 09:16:38 [INFO]: Processing task ID: 213
2024-11-16 09:16:38 [INFO]: lastRunTimestamp: 10:00:00 GMT+0100 (Ora standard dell’Europa centrale)
2024-11-16 09:16:38 [INFO]: tsAfter: 10:19:38 GMT+0100 (Ora standard dell’Europa centrale)
2024-11-16 09:16:38 [INFO]: tsBefore: 10:14:38 GMT+0100 (Ora standard dell’Europa centrale)
2024-11-16 09:16:38 [INFO]: Processing task ID: 218
2024-11-16 09:16:38 [INFO]: lastRunTimestamp: 10:00:00 GMT+0100 (Ora standard dell’Europa centrale)
2024-11-16 09:16:38 [INFO]: tsAfter: 10:19:38 GMT+0100 (Ora standard dell’Europa centrale)
2024-11-16 09:16:38 [INFO]: tsBefore: 10:14:38 GMT+0100 (Ora standard dell’Europa centrale)
2024-11-16 09:16:38 [INFO]: Processing task ID: 221
2024-11-16 09:16:38 [INFO]: lastRunTimestamp: 10:00:00 GMT+0100 (Ora standard dell’Europa centrale)
2024-11-16 09:16:38 [INFO]: tsAfter: 10:19:38 GMT+0100 (Ora standard dell’Europa centrale)
2024-11-16 09:16:38 [INFO]: tsBefore: 10:14:38 GMT+0100 (Ora standard dell’Europa centrale)
2024-11-16 09:16:38 [INFO]: Processing task ID: 223
2024-11-16 09:16:38 [INFO]: lastRunTimestamp: 10:00:00 GMT+0100 (Ora standard dell’Europa centrale)
2024-11-16 09:16:38 [INFO]: tsAfter: 10:19:38 GMT+0100 (Ora standard dell’Europa centrale)
2024-11-16 09:16:38 [INFO]: tsBefore: 10:14:38 GMT+0100 (Ora standard dell’Europa centrale)
2024-11-16 09:16:38 [INFO]: Processing task ID: 225
2024-11-16 09:16:38 [INFO]: lastRunTimestamp: 10:00:00 GMT+0100 (Ora standard dell’Europa centrale)
2024-11-16 09:16:38 [INFO]: tsAfter: 10:19:38 GMT+0100 (Ora standard dell’Europa centrale)
2024-11-16 09:16:38 [INFO]: tsBefore: 10:14:38 GMT+0100 (Ora standard dell’Europa centrale)
2024-11-16 09:16:38 [INFO]: Processing task ID: 226
2024-11-16 09:16:38 [INFO]: lastRunTimestamp: 10:00:00 GMT+0100 (Ora standard dell’Europa centrale)
2024-11-16 09:16:38 [INFO]: tsAfter: 10:19:38 GMT+0100 (Ora standard dell’Europa centrale)
2024-11-16 09:16:38 [INFO]: tsBefore: 10:14:38 GMT+0100 (Ora standard dell’Europa centrale)
2024-11-16 09:16:38 [INFO]: Processing task ID: 228
2024-11-16 09:16:38 [INFO]: lastRunTimestamp: 10:00:00 GMT+0100 (Ora standard dell’Europa centrale)
2024-11-16 09:16:38 [INFO]: tsAfter: 10:19:38 GMT+0100 (Ora standard dell’Europa centrale)
2024-11-16 09:16:38 [INFO]: tsBefore: 10:14:38 GMT+0100 (Ora standard dell’Europa centrale)
2024-11-16 09:16:38 [INFO]: Processing task ID: 229
2024-11-16 09:16:38 [INFO]: lastRunTimestamp: 10:00:00 GMT+0100 (Ora standard dell’Europa centrale)
2024-11-16 09:16:38 [INFO]: tsAfter: 10:19:38 GMT+0100 (Ora standard dell’Europa centrale)
2024-11-16 09:16:38 [INFO]: tsBefore: 10:14:38 GMT+0100 (Ora standard dell’Europa centrale)
2024-11-16 09:16:38 [INFO]: Processing task ID: 231
2024-11-16 09:16:38 [INFO]: lastRunTimestamp: 12:16:00 GMT+0100 (Ora standard dell’Europa centrale)
2024-11-16 09:16:38 [INFO]: tsAfter: 10:19:38 GMT+0100 (Ora standard dell’Europa centrale)
2024-11-16 09:16:38 [INFO]: tsBefore: 10:14:38 GMT+0100 (Ora standard dell’Europa centrale)
2024-11-16 09:16:38 [INFO]: All tasks processed successfully.
2024-11-16 09:16:38 [INFO]: Database connection closed.
2024-11-16 09:17:09 [INFO]: Fetching tasks scheduled for execution...
2024-11-16 09:17:09 [INFO]: Connected to the database.
2024-11-16 09:17:09 [INFO]: Found 21 tasks to execute.
2024-11-16 09:17:09 [INFO]: Processing task ID: 185
2024-11-16 09:17:09 [INFO]: lastRunTimestamp: 10:00:00 GMT+0100 (Ora standard dell’Europa centrale)
2024-11-16 09:17:09 [INFO]: tsAfter: 10:20:09 GMT+0100 (Ora standard dell’Europa centrale)
2024-11-16 09:17:09 [INFO]: tsBefore: 10:15:09 GMT+0100 (Ora standard dell’Europa centrale)
2024-11-16 09:17:09 [INFO]: Processing task ID: 187
2024-11-16 09:17:09 [INFO]: lastRunTimestamp: 10:00:00 GMT+0100 (Ora standard dell’Europa centrale)
2024-11-16 09:17:09 [INFO]: tsAfter: 10:20:09 GMT+0100 (Ora standard dell’Europa centrale)
2024-11-16 09:17:09 [INFO]: tsBefore: 10:15:09 GMT+0100 (Ora standard dell’Europa centrale)
2024-11-16 09:17:09 [INFO]: Processing task ID: 188
2024-11-16 09:17:09 [INFO]: lastRunTimestamp: 10:00:00 GMT+0100 (Ora standard dell’Europa centrale)
2024-11-16 09:17:09 [INFO]: tsAfter: 10:20:09 GMT+0100 (Ora standard dell’Europa centrale)
2024-11-16 09:17:09 [INFO]: tsBefore: 10:15:09 GMT+0100 (Ora standard dell’Europa centrale)
2024-11-16 09:17:09 [INFO]: Processing task ID: 196
2024-11-16 09:17:09 [INFO]: lastRunTimestamp: 10:00:00 GMT+0100 (Ora standard dell’Europa centrale)
2024-11-16 09:17:09 [INFO]: tsAfter: 10:20:09 GMT+0100 (Ora standard dell’Europa centrale)
2024-11-16 09:17:09 [INFO]: tsBefore: 10:15:09 GMT+0100 (Ora standard dell’Europa centrale)
2024-11-16 09:17:09 [INFO]: Processing task ID: 199
2024-11-16 09:17:09 [INFO]: lastRunTimestamp: 10:00:00 GMT+0100 (Ora standard dell’Europa centrale)
2024-11-16 09:17:09 [INFO]: tsAfter: 10:20:09 GMT+0100 (Ora standard dell’Europa centrale)
2024-11-16 09:17:09 [INFO]: tsBefore: 10:15:09 GMT+0100 (Ora standard dell’Europa centrale)
2024-11-16 09:17:09 [INFO]: Processing task ID: 202
2024-11-16 09:17:09 [INFO]: lastRunTimestamp: 10:00:00 GMT+0100 (Ora standard dell’Europa centrale)
2024-11-16 09:17:09 [INFO]: tsAfter: 10:20:09 GMT+0100 (Ora standard dell’Europa centrale)
2024-11-16 09:17:09 [INFO]: tsBefore: 10:15:09 GMT+0100 (Ora standard dell’Europa centrale)
2024-11-16 09:17:09 [INFO]: Processing task ID: 204
2024-11-16 09:17:09 [INFO]: lastRunTimestamp: 10:00:00 GMT+0100 (Ora standard dell’Europa centrale)
2024-11-16 09:17:09 [INFO]: tsAfter: 10:20:09 GMT+0100 (Ora standard dell’Europa centrale)
2024-11-16 09:17:09 [INFO]: tsBefore: 10:15:09 GMT+0100 (Ora standard dell’Europa centrale)
2024-11-16 09:17:09 [INFO]: Processing task ID: 205
2024-11-16 09:17:09 [INFO]: lastRunTimestamp: 10:00:00 GMT+0100 (Ora standard dell’Europa centrale)
2024-11-16 09:17:09 [INFO]: tsAfter: 10:20:09 GMT+0100 (Ora standard dell’Europa centrale)
2024-11-16 09:17:09 [INFO]: tsBefore: 10:15:09 GMT+0100 (Ora standard dell’Europa centrale)
2024-11-16 09:17:09 [INFO]: Processing task ID: 208
2024-11-16 09:17:09 [INFO]: lastRunTimestamp: 10:00:00 GMT+0100 (Ora standard dell’Europa centrale)
2024-11-16 09:17:09 [INFO]: tsAfter: 10:20:09 GMT+0100 (Ora standard dell’Europa centrale)
2024-11-16 09:17:09 [INFO]: tsBefore: 10:15:09 GMT+0100 (Ora standard dell’Europa centrale)
2024-11-16 09:17:09 [INFO]: Processing task ID: 209
2024-11-16 09:17:09 [INFO]: lastRunTimestamp: 10:00:00 GMT+0100 (Ora standard dell’Europa centrale)
2024-11-16 09:17:09 [INFO]: tsAfter: 10:20:09 GMT+0100 (Ora standard dell’Europa centrale)
2024-11-16 09:17:09 [INFO]: tsBefore: 10:15:09 GMT+0100 (Ora standard dell’Europa centrale)
2024-11-16 09:17:09 [INFO]: Processing task ID: 211
2024-11-16 09:17:09 [INFO]: lastRunTimestamp: 10:00:00 GMT+0100 (Ora standard dell’Europa centrale)
2024-11-16 09:17:09 [INFO]: tsAfter: 10:20:09 GMT+0100 (Ora standard dell’Europa centrale)
2024-11-16 09:17:09 [INFO]: tsBefore: 10:15:09 GMT+0100 (Ora standard dell’Europa centrale)
2024-11-16 09:17:09 [INFO]: Processing task ID: 212
2024-11-16 09:17:09 [INFO]: lastRunTimestamp: 10:00:00 GMT+0100 (Ora standard dell’Europa centrale)
2024-11-16 09:17:09 [INFO]: tsAfter: 10:20:09 GMT+0100 (Ora standard dell’Europa centrale)
2024-11-16 09:17:09 [INFO]: tsBefore: 10:15:09 GMT+0100 (Ora standard dell’Europa centrale)
2024-11-16 09:17:09 [INFO]: Processing task ID: 213
2024-11-16 09:17:09 [INFO]: lastRunTimestamp: 10:00:00 GMT+0100 (Ora standard dell’Europa centrale)
2024-11-16 09:17:09 [INFO]: tsAfter: 10:20:09 GMT+0100 (Ora standard dell’Europa centrale)
2024-11-16 09:17:09 [INFO]: tsBefore: 10:15:09 GMT+0100 (Ora standard dell’Europa centrale)
2024-11-16 09:17:09 [INFO]: Processing task ID: 218
2024-11-16 09:17:09 [INFO]: lastRunTimestamp: 10:00:00 GMT+0100 (Ora standard dell’Europa centrale)
2024-11-16 09:17:09 [INFO]: tsAfter: 10:20:09 GMT+0100 (Ora standard dell’Europa centrale)
2024-11-16 09:17:09 [INFO]: tsBefore: 10:15:09 GMT+0100 (Ora standard dell’Europa centrale)
2024-11-16 09:17:09 [INFO]: Processing task ID: 221
2024-11-16 09:17:09 [INFO]: lastRunTimestamp: 10:00:00 GMT+0100 (Ora standard dell’Europa centrale)
2024-11-16 09:17:09 [INFO]: tsAfter: 10:20:09 GMT+0100 (Ora standard dell’Europa centrale)
2024-11-16 09:17:09 [INFO]: tsBefore: 10:15:09 GMT+0100 (Ora standard dell’Europa centrale)
2024-11-16 09:17:09 [INFO]: Processing task ID: 223
2024-11-16 09:17:09 [INFO]: lastRunTimestamp: 10:00:00 GMT+0100 (Ora standard dell’Europa centrale)
2024-11-16 09:17:09 [INFO]: tsAfter: 10:20:09 GMT+0100 (Ora standard dell’Europa centrale)
2024-11-16 09:17:09 [INFO]: tsBefore: 10:15:09 GMT+0100 (Ora standard dell’Europa centrale)
2024-11-16 09:17:09 [INFO]: Processing task ID: 225
2024-11-16 09:17:09 [INFO]: lastRunTimestamp: 10:00:00 GMT+0100 (Ora standard dell’Europa centrale)
2024-11-16 09:17:09 [INFO]: tsAfter: 10:20:09 GMT+0100 (Ora standard dell’Europa centrale)
2024-11-16 09:17:09 [INFO]: tsBefore: 10:15:09 GMT+0100 (Ora standard dell’Europa centrale)
2024-11-16 09:17:09 [INFO]: Processing task ID: 226
2024-11-16 09:17:09 [INFO]: lastRunTimestamp: 10:00:00 GMT+0100 (Ora standard dell’Europa centrale)
2024-11-16 09:17:09 [INFO]: tsAfter: 10:20:09 GMT+0100 (Ora standard dell’Europa centrale)
2024-11-16 09:17:09 [INFO]: tsBefore: 10:15:09 GMT+0100 (Ora standard dell’Europa centrale)
2024-11-16 09:17:09 [INFO]: Processing task ID: 228
2024-11-16 09:17:09 [INFO]: lastRunTimestamp: 10:00:00 GMT+0100 (Ora standard dell’Europa centrale)
2024-11-16 09:17:09 [INFO]: tsAfter: 10:20:09 GMT+0100 (Ora standard dell’Europa centrale)
2024-11-16 09:17:09 [INFO]: tsBefore: 10:15:09 GMT+0100 (Ora standard dell’Europa centrale)
2024-11-16 09:17:09 [INFO]: Processing task ID: 229
2024-11-16 09:17:09 [INFO]: lastRunTimestamp: 10:00:00 GMT+0100 (Ora standard dell’Europa centrale)
2024-11-16 09:17:09 [INFO]: tsAfter: 10:20:09 GMT+0100 (Ora standard dell’Europa centrale)
2024-11-16 09:17:09 [INFO]: tsBefore: 10:15:09 GMT+0100 (Ora standard dell’Europa centrale)
2024-11-16 09:17:09 [INFO]: Processing task ID: 231
2024-11-16 09:17:09 [INFO]: lastRunTimestamp: 12:16:00 GMT+0100 (Ora standard dell’Europa centrale)
2024-11-16 09:17:09 [INFO]: tsAfter: 10:20:09 GMT+0100 (Ora standard dell’Europa centrale)
2024-11-16 09:17:09 [INFO]: tsBefore: 10:15:09 GMT+0100 (Ora standard dell’Europa centrale)
2024-11-16 09:17:09 [INFO]: All tasks processed successfully.
2024-11-16 09:17:09 [INFO]: Database connection closed.
2024-11-16 09:17:14 [INFO]: Fetching tasks scheduled for execution...
2024-11-16 09:17:14 [INFO]: Connected to the database.
2024-11-16 09:17:14 [INFO]: Found 21 tasks to execute.
2024-11-16 09:17:14 [INFO]: Processing task ID: 185
2024-11-16 09:17:14 [INFO]: lastRunTimestamp: 10:00:00 GMT+0100 (Ora standard dell’Europa centrale)
2024-11-16 09:17:14 [INFO]: tsAfter: 10:20:14 GMT+0100 (Ora standard dell’Europa centrale)
2024-11-16 09:17:14 [INFO]: tsBefore: 10:15:14 GMT+0100 (Ora standard dell’Europa centrale)
2024-11-16 09:17:14 [INFO]: Processing task ID: 187
2024-11-16 09:17:14 [INFO]: lastRunTimestamp: 10:00:00 GMT+0100 (Ora standard dell’Europa centrale)
2024-11-16 09:17:14 [INFO]: tsAfter: 10:20:14 GMT+0100 (Ora standard dell’Europa centrale)
2024-11-16 09:17:14 [INFO]: tsBefore: 10:15:14 GMT+0100 (Ora standard dell’Europa centrale)
2024-11-16 09:17:14 [INFO]: Processing task ID: 188
2024-11-16 09:17:14 [INFO]: lastRunTimestamp: 10:00:00 GMT+0100 (Ora standard dell’Europa centrale)
2024-11-16 09:17:14 [INFO]: tsAfter: 10:20:14 GMT+0100 (Ora standard dell’Europa centrale)
2024-11-16 09:17:14 [INFO]: tsBefore: 10:15:14 GMT+0100 (Ora standard dell’Europa centrale)
2024-11-16 09:17:14 [INFO]: Processing task ID: 196
2024-11-16 09:17:14 [INFO]: lastRunTimestamp: 10:00:00 GMT+0100 (Ora standard dell’Europa centrale)
2024-11-16 09:17:14 [INFO]: tsAfter: 10:20:14 GMT+0100 (Ora standard dell’Europa centrale)
2024-11-16 09:17:14 [INFO]: tsBefore: 10:15:14 GMT+0100 (Ora standard dell’Europa centrale)
2024-11-16 09:17:14 [INFO]: Processing task ID: 199
2024-11-16 09:17:14 [INFO]: lastRunTimestamp: 10:00:00 GMT+0100 (Ora standard dell’Europa centrale)
2024-11-16 09:17:14 [INFO]: tsAfter: 10:20:14 GMT+0100 (Ora standard dell’Europa centrale)
2024-11-16 09:17:14 [INFO]: tsBefore: 10:15:14 GMT+0100 (Ora standard dell’Europa centrale)
2024-11-16 09:17:14 [INFO]: Processing task ID: 202
2024-11-16 09:17:14 [INFO]: lastRunTimestamp: 10:00:00 GMT+0100 (Ora standard dell’Europa centrale)
2024-11-16 09:17:14 [INFO]: tsAfter: 10:20:14 GMT+0100 (Ora standard dell’Europa centrale)
2024-11-16 09:17:14 [INFO]: tsBefore: 10:15:14 GMT+0100 (Ora standard dell’Europa centrale)
2024-11-16 09:17:14 [INFO]: Processing task ID: 204
2024-11-16 09:17:14 [INFO]: lastRunTimestamp: 10:00:00 GMT+0100 (Ora standard dell’Europa centrale)
2024-11-16 09:17:14 [INFO]: tsAfter: 10:20:14 GMT+0100 (Ora standard dell’Europa centrale)
2024-11-16 09:17:14 [INFO]: tsBefore: 10:15:14 GMT+0100 (Ora standard dell’Europa centrale)
2024-11-16 09:17:14 [INFO]: Processing task ID: 205
2024-11-16 09:17:14 [INFO]: lastRunTimestamp: 10:00:00 GMT+0100 (Ora standard dell’Europa centrale)
2024-11-16 09:17:14 [INFO]: tsAfter: 10:20:14 GMT+0100 (Ora standard dell’Europa centrale)
2024-11-16 09:17:14 [INFO]: tsBefore: 10:15:14 GMT+0100 (Ora standard dell’Europa centrale)
2024-11-16 09:17:14 [INFO]: Processing task ID: 208
2024-11-16 09:17:14 [INFO]: lastRunTimestamp: 10:00:00 GMT+0100 (Ora standard dell’Europa centrale)
2024-11-16 09:17:14 [INFO]: tsAfter: 10:20:14 GMT+0100 (Ora standard dell’Europa centrale)
2024-11-16 09:17:14 [INFO]: tsBefore: 10:15:14 GMT+0100 (Ora standard dell’Europa centrale)
2024-11-16 09:17:14 [INFO]: Processing task ID: 209
2024-11-16 09:17:14 [INFO]: lastRunTimestamp: 10:00:00 GMT+0100 (Ora standard dell’Europa centrale)
2024-11-16 09:17:14 [INFO]: tsAfter: 10:20:14 GMT+0100 (Ora standard dell’Europa centrale)
2024-11-16 09:17:14 [INFO]: tsBefore: 10:15:14 GMT+0100 (Ora standard dell’Europa centrale)
2024-11-16 09:17:14 [INFO]: Processing task ID: 211
2024-11-16 09:17:14 [INFO]: lastRunTimestamp: 10:00:00 GMT+0100 (Ora standard dell’Europa centrale)
2024-11-16 09:17:14 [INFO]: tsAfter: 10:20:14 GMT+0100 (Ora standard dell’Europa centrale)
2024-11-16 09:17:14 [INFO]: tsBefore: 10:15:14 GMT+0100 (Ora standard dell’Europa centrale)
2024-11-16 09:17:14 [INFO]: Processing task ID: 212
2024-11-16 09:17:14 [INFO]: lastRunTimestamp: 10:00:00 GMT+0100 (Ora standard dell’Europa centrale)
2024-11-16 09:17:14 [INFO]: tsAfter: 10:20:14 GMT+0100 (Ora standard dell’Europa centrale)
2024-11-16 09:17:14 [INFO]: tsBefore: 10:15:14 GMT+0100 (Ora standard dell’Europa centrale)
2024-11-16 09:17:14 [INFO]: Processing task ID: 213
2024-11-16 09:17:14 [INFO]: lastRunTimestamp: 10:00:00 GMT+0100 (Ora standard dell’Europa centrale)
2024-11-16 09:17:14 [INFO]: tsAfter: 10:20:14 GMT+0100 (Ora standard dell’Europa centrale)
2024-11-16 09:17:14 [INFO]: tsBefore: 10:15:14 GMT+0100 (Ora standard dell’Europa centrale)
2024-11-16 09:17:14 [INFO]: Processing task ID: 218
2024-11-16 09:17:14 [INFO]: lastRunTimestamp: 10:00:00 GMT+0100 (Ora standard dell’Europa centrale)
2024-11-16 09:17:14 [INFO]: tsAfter: 10:20:14 GMT+0100 (Ora standard dell’Europa centrale)
2024-11-16 09:17:14 [INFO]: tsBefore: 10:15:14 GMT+0100 (Ora standard dell’Europa centrale)
2024-11-16 09:17:14 [INFO]: Processing task ID: 221
2024-11-16 09:17:14 [INFO]: lastRunTimestamp: 10:00:00 GMT+0100 (Ora standard dell’Europa centrale)
2024-11-16 09:17:14 [INFO]: tsAfter: 10:20:14 GMT+0100 (Ora standard dell’Europa centrale)
2024-11-16 09:17:14 [INFO]: tsBefore: 10:15:14 GMT+0100 (Ora standard dell’Europa centrale)
2024-11-16 09:17:14 [INFO]: Processing task ID: 223
2024-11-16 09:17:14 [INFO]: lastRunTimestamp: 10:00:00 GMT+0100 (Ora standard dell’Europa centrale)
2024-11-16 09:17:14 [INFO]: tsAfter: 10:20:14 GMT+0100 (Ora standard dell’Europa centrale)
2024-11-16 09:17:14 [INFO]: tsBefore: 10:15:14 GMT+0100 (Ora standard dell’Europa centrale)
2024-11-16 09:17:14 [INFO]: Processing task ID: 225
2024-11-16 09:17:14 [INFO]: lastRunTimestamp: 10:00:00 GMT+0100 (Ora standard dell’Europa centrale)
2024-11-16 09:17:14 [INFO]: tsAfter: 10:20:14 GMT+0100 (Ora standard dell’Europa centrale)
2024-11-16 09:17:14 [INFO]: tsBefore: 10:15:14 GMT+0100 (Ora standard dell’Europa centrale)
2024-11-16 09:17:14 [INFO]: Processing task ID: 226
2024-11-16 09:17:14 [INFO]: lastRunTimestamp: 10:00:00 GMT+0100 (Ora standard dell’Europa centrale)
2024-11-16 09:17:14 [INFO]: tsAfter: 10:20:14 GMT+0100 (Ora standard dell’Europa centrale)
2024-11-16 09:17:14 [INFO]: tsBefore: 10:15:14 GMT+0100 (Ora standard dell’Europa centrale)
2024-11-16 09:17:14 [INFO]: Processing task ID: 228
2024-11-16 09:17:14 [INFO]: lastRunTimestamp: 10:00:00 GMT+0100 (Ora standard dell’Europa centrale)
2024-11-16 09:17:14 [INFO]: tsAfter: 10:20:14 GMT+0100 (Ora standard dell’Europa centrale)
2024-11-16 09:17:14 [INFO]: tsBefore: 10:15:14 GMT+0100 (Ora standard dell’Europa centrale)
2024-11-16 09:17:14 [INFO]: Processing task ID: 229
2024-11-16 09:17:14 [INFO]: lastRunTimestamp: 10:00:00 GMT+0100 (Ora standard dell’Europa centrale)
2024-11-16 09:17:14 [INFO]: tsAfter: 10:20:14 GMT+0100 (Ora standard dell’Europa centrale)
2024-11-16 09:17:14 [INFO]: tsBefore: 10:15:14 GMT+0100 (Ora standard dell’Europa centrale)
2024-11-16 09:17:14 [INFO]: Processing task ID: 231
2024-11-16 09:17:14 [INFO]: lastRunTimestamp: 12:16:00 GMT+0100 (Ora standard dell’Europa centrale)
2024-11-16 09:17:14 [INFO]: tsAfter: 10:20:14 GMT+0100 (Ora standard dell’Europa centrale)
2024-11-16 09:17:14 [INFO]: tsBefore: 10:15:14 GMT+0100 (Ora standard dell’Europa centrale)
2024-11-16 09:17:14 [INFO]: All tasks processed successfully.
2024-11-16 09:17:14 [INFO]: Database connection closed.
2024-11-16 09:20:27 [INFO]: Fetching tasks scheduled for execution...
2024-11-16 09:20:28 [INFO]: Connected to the database.
2024-11-16 09:20:28 [INFO]: Found 20 tasks to execute.
2024-11-16 09:20:28 [INFO]: Processing task ID: 185
2024-11-16 09:20:28 [INFO]: lastRunTimestamp: 10:00:00 GMT+0100 (Ora standard dell’Europa centrale)
2024-11-16 09:20:28 [INFO]: tsAfter: 10:23:27 GMT+0100 (Ora standard dell’Europa centrale)
2024-11-16 09:20:28 [INFO]: tsBefore: 10:18:27 GMT+0100 (Ora standard dell’Europa centrale)
2024-11-16 09:20:28 [INFO]: Processing task ID: 187
2024-11-16 09:20:28 [INFO]: lastRunTimestamp: 10:00:00 GMT+0100 (Ora standard dell’Europa centrale)
2024-11-16 09:20:28 [INFO]: tsAfter: 10:23:27 GMT+0100 (Ora standard dell’Europa centrale)
2024-11-16 09:20:28 [INFO]: tsBefore: 10:18:27 GMT+0100 (Ora standard dell’Europa centrale)
2024-11-16 09:20:28 [INFO]: Processing task ID: 188
2024-11-16 09:20:28 [INFO]: lastRunTimestamp: 10:00:00 GMT+0100 (Ora standard dell’Europa centrale)
2024-11-16 09:20:28 [INFO]: tsAfter: 10:23:27 GMT+0100 (Ora standard dell’Europa centrale)
2024-11-16 09:20:28 [INFO]: tsBefore: 10:18:27 GMT+0100 (Ora standard dell’Europa centrale)
2024-11-16 09:20:28 [INFO]: Processing task ID: 196
2024-11-16 09:20:28 [INFO]: lastRunTimestamp: 10:00:00 GMT+0100 (Ora standard dell’Europa centrale)
2024-11-16 09:20:28 [INFO]: tsAfter: 10:23:27 GMT+0100 (Ora standard dell’Europa centrale)
2024-11-16 09:20:28 [INFO]: tsBefore: 10:18:27 GMT+0100 (Ora standard dell’Europa centrale)
2024-11-16 09:20:28 [INFO]: Processing task ID: 199
2024-11-16 09:20:28 [INFO]: lastRunTimestamp: 10:00:00 GMT+0100 (Ora standard dell’Europa centrale)
2024-11-16 09:20:28 [INFO]: tsAfter: 10:23:27 GMT+0100 (Ora standard dell’Europa centrale)
2024-11-16 09:20:28 [INFO]: tsBefore: 10:18:27 GMT+0100 (Ora standard dell’Europa centrale)
2024-11-16 09:20:28 [INFO]: Processing task ID: 202
2024-11-16 09:20:28 [INFO]: lastRunTimestamp: 10:00:00 GMT+0100 (Ora standard dell’Europa centrale)
2024-11-16 09:20:28 [INFO]: tsAfter: 10:23:27 GMT+0100 (Ora standard dell’Europa centrale)
2024-11-16 09:20:28 [INFO]: tsBefore: 10:18:27 GMT+0100 (Ora standard dell’Europa centrale)
2024-11-16 09:20:28 [INFO]: Processing task ID: 204
2024-11-16 09:20:28 [INFO]: lastRunTimestamp: 10:00:00 GMT+0100 (Ora standard dell’Europa centrale)
2024-11-16 09:20:28 [INFO]: tsAfter: 10:23:27 GMT+0100 (Ora standard dell’Europa centrale)
2024-11-16 09:20:28 [INFO]: tsBefore: 10:18:27 GMT+0100 (Ora standard dell’Europa centrale)
2024-11-16 09:20:28 [INFO]: Processing task ID: 205
2024-11-16 09:20:28 [INFO]: lastRunTimestamp: 10:00:00 GMT+0100 (Ora standard dell’Europa centrale)
2024-11-16 09:20:28 [INFO]: tsAfter: 10:23:27 GMT+0100 (Ora standard dell’Europa centrale)
2024-11-16 09:20:28 [INFO]: tsBefore: 10:18:27 GMT+0100 (Ora standard dell’Europa centrale)
2024-11-16 09:20:28 [INFO]: Processing task ID: 208
2024-11-16 09:20:28 [INFO]: lastRunTimestamp: 10:00:00 GMT+0100 (Ora standard dell’Europa centrale)
2024-11-16 09:20:28 [INFO]: tsAfter: 10:23:27 GMT+0100 (Ora standard dell’Europa centrale)
2024-11-16 09:20:28 [INFO]: tsBefore: 10:18:27 GMT+0100 (Ora standard dell’Europa centrale)
2024-11-16 09:20:28 [INFO]: Processing task ID: 209
2024-11-16 09:20:28 [INFO]: lastRunTimestamp: 10:00:00 GMT+0100 (Ora standard dell’Europa centrale)
2024-11-16 09:20:28 [INFO]: tsAfter: 10:23:27 GMT+0100 (Ora standard dell’Europa centrale)
2024-11-16 09:20:28 [INFO]: tsBefore: 10:18:27 GMT+0100 (Ora standard dell’Europa centrale)
2024-11-16 09:20:28 [INFO]: Processing task ID: 211
2024-11-16 09:20:28 [INFO]: lastRunTimestamp: 10:00:00 GMT+0100 (Ora standard dell’Europa centrale)
2024-11-16 09:20:28 [INFO]: tsAfter: 10:23:27 GMT+0100 (Ora standard dell’Europa centrale)
2024-11-16 09:20:28 [INFO]: tsBefore: 10:18:27 GMT+0100 (Ora standard dell’Europa centrale)
2024-11-16 09:20:28 [INFO]: Processing task ID: 212
2024-11-16 09:20:28 [INFO]: lastRunTimestamp: 10:00:00 GMT+0100 (Ora standard dell’Europa centrale)
2024-11-16 09:20:28 [INFO]: tsAfter: 10:23:27 GMT+0100 (Ora standard dell’Europa centrale)
2024-11-16 09:20:28 [INFO]: tsBefore: 10:18:27 GMT+0100 (Ora standard dell’Europa centrale)
2024-11-16 09:20:28 [INFO]: Processing task ID: 213
2024-11-16 09:20:28 [INFO]: lastRunTimestamp: 10:00:00 GMT+0100 (Ora standard dell’Europa centrale)
2024-11-16 09:20:28 [INFO]: tsAfter: 10:23:27 GMT+0100 (Ora standard dell’Europa centrale)
2024-11-16 09:20:28 [INFO]: tsBefore: 10:18:27 GMT+0100 (Ora standard dell’Europa centrale)
2024-11-16 09:20:28 [INFO]: Processing task ID: 218
2024-11-16 09:20:28 [INFO]: lastRunTimestamp: 10:00:00 GMT+0100 (Ora standard dell’Europa centrale)
2024-11-16 09:20:28 [INFO]: tsAfter: 10:23:27 GMT+0100 (Ora standard dell’Europa centrale)
2024-11-16 09:20:28 [INFO]: tsBefore: 10:18:27 GMT+0100 (Ora standard dell’Europa centrale)
2024-11-16 09:20:28 [INFO]: Processing task ID: 221
2024-11-16 09:20:28 [INFO]: lastRunTimestamp: 10:00:00 GMT+0100 (Ora standard dell’Europa centrale)
2024-11-16 09:20:28 [INFO]: tsAfter: 10:23:27 GMT+0100 (Ora standard dell’Europa centrale)
2024-11-16 09:20:28 [INFO]: tsBefore: 10:18:27 GMT+0100 (Ora standard dell’Europa centrale)
2024-11-16 09:20:28 [INFO]: Processing task ID: 223
2024-11-16 09:20:28 [INFO]: lastRunTimestamp: 10:00:00 GMT+0100 (Ora standard dell’Europa centrale)
2024-11-16 09:20:28 [INFO]: tsAfter: 10:23:27 GMT+0100 (Ora standard dell’Europa centrale)
2024-11-16 09:20:28 [INFO]: tsBefore: 10:18:27 GMT+0100 (Ora standard dell’Europa centrale)
2024-11-16 09:20:28 [INFO]: Processing task ID: 225
2024-11-16 09:20:28 [INFO]: lastRunTimestamp: 10:00:00 GMT+0100 (Ora standard dell’Europa centrale)
2024-11-16 09:20:28 [INFO]: tsAfter: 10:23:27 GMT+0100 (Ora standard dell’Europa centrale)
2024-11-16 09:20:28 [INFO]: tsBefore: 10:18:27 GMT+0100 (Ora standard dell’Europa centrale)
2024-11-16 09:20:28 [INFO]: Processing task ID: 226
2024-11-16 09:20:28 [INFO]: lastRunTimestamp: 10:00:00 GMT+0100 (Ora standard dell’Europa centrale)
2024-11-16 09:20:28 [INFO]: tsAfter: 10:23:27 GMT+0100 (Ora standard dell’Europa centrale)
2024-11-16 09:20:28 [INFO]: tsBefore: 10:18:27 GMT+0100 (Ora standard dell’Europa centrale)
2024-11-16 09:20:28 [INFO]: Processing task ID: 228
2024-11-16 09:20:28 [INFO]: lastRunTimestamp: 10:00:00 GMT+0100 (Ora standard dell’Europa centrale)
2024-11-16 09:20:28 [INFO]: tsAfter: 10:23:27 GMT+0100 (Ora standard dell’Europa centrale)
2024-11-16 09:20:28 [INFO]: tsBefore: 10:18:27 GMT+0100 (Ora standard dell’Europa centrale)
2024-11-16 09:20:28 [INFO]: Processing task ID: 229
2024-11-16 09:20:28 [INFO]: lastRunTimestamp: 10:00:00 GMT+0100 (Ora standard dell’Europa centrale)
2024-11-16 09:20:28 [INFO]: tsAfter: 10:23:27 GMT+0100 (Ora standard dell’Europa centrale)
2024-11-16 09:20:28 [INFO]: tsBefore: 10:18:27 GMT+0100 (Ora standard dell’Europa centrale)
2024-11-16 09:20:28 [INFO]: All tasks processed successfully.
2024-11-16 09:20:28 [INFO]: Database connection closed.
2024-11-16 09:21:12 [INFO]: Fetching tasks scheduled for execution...
2024-11-16 09:21:12 [INFO]: Connected to the database.
2024-11-16 09:21:12 [INFO]: Found 20 tasks to execute.
2024-11-16 09:21:12 [INFO]: Processing task ID: 185
2024-11-16 09:21:12 [INFO]: lastRunTimestamp: 10:00:00 GMT+0100 (Ora standard dell’Europa centrale)
2024-11-16 09:21:12 [INFO]: tsAfter: 10:24:12 GMT+0100 (Ora standard dell’Europa centrale)
2024-11-16 09:21:12 [INFO]: tsBefore: 10:19:12 GMT+0100 (Ora standard dell’Europa centrale)
2024-11-16 09:21:12 [INFO]: Processing task ID: 187
2024-11-16 09:21:12 [INFO]: lastRunTimestamp: 10:00:00 GMT+0100 (Ora standard dell’Europa centrale)
2024-11-16 09:21:12 [INFO]: tsAfter: 10:24:12 GMT+0100 (Ora standard dell’Europa centrale)
2024-11-16 09:21:12 [INFO]: tsBefore: 10:19:12 GMT+0100 (Ora standard dell’Europa centrale)
2024-11-16 09:21:12 [INFO]: Processing task ID: 188
2024-11-16 09:21:12 [INFO]: lastRunTimestamp: 10:00:00 GMT+0100 (Ora standard dell’Europa centrale)
2024-11-16 09:21:12 [INFO]: tsAfter: 10:24:12 GMT+0100 (Ora standard dell’Europa centrale)
2024-11-16 09:21:12 [INFO]: tsBefore: 10:19:12 GMT+0100 (Ora standard dell’Europa centrale)
2024-11-16 09:21:12 [INFO]: Processing task ID: 196
2024-11-16 09:21:12 [INFO]: lastRunTimestamp: 10:00:00 GMT+0100 (Ora standard dell’Europa centrale)
2024-11-16 09:21:12 [INFO]: tsAfter: 10:24:12 GMT+0100 (Ora standard dell’Europa centrale)
2024-11-16 09:21:12 [INFO]: tsBefore: 10:19:12 GMT+0100 (Ora standard dell’Europa centrale)
2024-11-16 09:21:12 [INFO]: Processing task ID: 199
2024-11-16 09:21:12 [INFO]: lastRunTimestamp: 10:00:00 GMT+0100 (Ora standard dell’Europa centrale)
2024-11-16 09:21:12 [INFO]: tsAfter: 10:24:12 GMT+0100 (Ora standard dell’Europa centrale)
2024-11-16 09:21:12 [INFO]: tsBefore: 10:19:12 GMT+0100 (Ora standard dell’Europa centrale)
2024-11-16 09:21:12 [INFO]: Processing task ID: 202
2024-11-16 09:21:12 [INFO]: lastRunTimestamp: 10:00:00 GMT+0100 (Ora standard dell’Europa centrale)
2024-11-16 09:21:12 [INFO]: tsAfter: 10:24:12 GMT+0100 (Ora standard dell’Europa centrale)
2024-11-16 09:21:12 [INFO]: tsBefore: 10:19:12 GMT+0100 (Ora standard dell’Europa centrale)
2024-11-16 09:21:12 [INFO]: Processing task ID: 204
2024-11-16 09:21:12 [INFO]: lastRunTimestamp: 10:00:00 GMT+0100 (Ora standard dell’Europa centrale)
2024-11-16 09:21:12 [INFO]: tsAfter: 10:24:12 GMT+0100 (Ora standard dell’Europa centrale)
2024-11-16 09:21:12 [INFO]: tsBefore: 10:19:12 GMT+0100 (Ora standard dell’Europa centrale)
2024-11-16 09:21:12 [INFO]: Processing task ID: 205
2024-11-16 09:21:12 [INFO]: lastRunTimestamp: 10:00:00 GMT+0100 (Ora standard dell’Europa centrale)
2024-11-16 09:21:12 [INFO]: tsAfter: 10:24:12 GMT+0100 (Ora standard dell’Europa centrale)
2024-11-16 09:21:12 [INFO]: tsBefore: 10:19:12 GMT+0100 (Ora standard dell’Europa centrale)
2024-11-16 09:21:12 [INFO]: Processing task ID: 208
2024-11-16 09:21:12 [INFO]: lastRunTimestamp: 10:00:00 GMT+0100 (Ora standard dell’Europa centrale)
2024-11-16 09:21:12 [INFO]: tsAfter: 10:24:12 GMT+0100 (Ora standard dell’Europa centrale)
2024-11-16 09:21:12 [INFO]: tsBefore: 10:19:12 GMT+0100 (Ora standard dell’Europa centrale)
2024-11-16 09:21:12 [INFO]: Processing task ID: 209
2024-11-16 09:21:12 [INFO]: lastRunTimestamp: 10:00:00 GMT+0100 (Ora standard dell’Europa centrale)
2024-11-16 09:21:12 [INFO]: tsAfter: 10:24:12 GMT+0100 (Ora standard dell’Europa centrale)
2024-11-16 09:21:12 [INFO]: tsBefore: 10:19:12 GMT+0100 (Ora standard dell’Europa centrale)
2024-11-16 09:21:12 [INFO]: Processing task ID: 211
2024-11-16 09:21:12 [INFO]: lastRunTimestamp: 10:00:00 GMT+0100 (Ora standard dell’Europa centrale)
2024-11-16 09:21:12 [INFO]: tsAfter: 10:24:12 GMT+0100 (Ora standard dell’Europa centrale)
2024-11-16 09:21:12 [INFO]: tsBefore: 10:19:12 GMT+0100 (Ora standard dell’Europa centrale)
2024-11-16 09:21:12 [INFO]: Processing task ID: 212
2024-11-16 09:21:12 [INFO]: lastRunTimestamp: 10:00:00 GMT+0100 (Ora standard dell’Europa centrale)
2024-11-16 09:21:12 [INFO]: tsAfter: 10:24:12 GMT+0100 (Ora standard dell’Europa centrale)
2024-11-16 09:21:12 [INFO]: tsBefore: 10:19:12 GMT+0100 (Ora standard dell’Europa centrale)
2024-11-16 09:21:12 [INFO]: Processing task ID: 213
2024-11-16 09:21:12 [INFO]: lastRunTimestamp: 10:00:00 GMT+0100 (Ora standard dell’Europa centrale)
2024-11-16 09:21:12 [INFO]: tsAfter: 10:24:12 GMT+0100 (Ora standard dell’Europa centrale)
2024-11-16 09:21:12 [INFO]: tsBefore: 10:19:12 GMT+0100 (Ora standard dell’Europa centrale)
2024-11-16 09:21:12 [INFO]: Processing task ID: 218
2024-11-16 09:21:12 [INFO]: lastRunTimestamp: 10:00:00 GMT+0100 (Ora standard dell’Europa centrale)
2024-11-16 09:21:12 [INFO]: tsAfter: 10:24:12 GMT+0100 (Ora standard dell’Europa centrale)
2024-11-16 09:21:12 [INFO]: tsBefore: 10:19:12 GMT+0100 (Ora standard dell’Europa centrale)
2024-11-16 09:21:12 [INFO]: Processing task ID: 221
2024-11-16 09:21:12 [INFO]: lastRunTimestamp: 10:00:00 GMT+0100 (Ora standard dell’Europa centrale)
2024-11-16 09:21:12 [INFO]: tsAfter: 10:24:12 GMT+0100 (Ora standard dell’Europa centrale)
2024-11-16 09:21:12 [INFO]: tsBefore: 10:19:12 GMT+0100 (Ora standard dell’Europa centrale)
2024-11-16 09:21:12 [INFO]: Processing task ID: 223
2024-11-16 09:21:12 [INFO]: lastRunTimestamp: 10:00:00 GMT+0100 (Ora standard dell’Europa centrale)
2024-11-16 09:21:12 [INFO]: tsAfter: 10:24:12 GMT+0100 (Ora standard dell’Europa centrale)
2024-11-16 09:21:12 [INFO]: tsBefore: 10:19:12 GMT+0100 (Ora standard dell’Europa centrale)
2024-11-16 09:21:12 [INFO]: Processing task ID: 225
2024-11-16 09:21:12 [INFO]: lastRunTimestamp: 10:00:00 GMT+0100 (Ora standard dell’Europa centrale)
2024-11-16 09:21:12 [INFO]: tsAfter: 10:24:12 GMT+0100 (Ora standard dell’Europa centrale)
2024-11-16 09:21:12 [INFO]: tsBefore: 10:19:12 GMT+0100 (Ora standard dell’Europa centrale)
2024-11-16 09:21:12 [INFO]: Processing task ID: 226
2024-11-16 09:21:12 [INFO]: lastRunTimestamp: 10:00:00 GMT+0100 (Ora standard dell’Europa centrale)
2024-11-16 09:21:12 [INFO]: tsAfter: 10:24:12 GMT+0100 (Ora standard dell’Europa centrale)
2024-11-16 09:21:12 [INFO]: tsBefore: 10:19:12 GMT+0100 (Ora standard dell’Europa centrale)
2024-11-16 09:21:12 [INFO]: Processing task ID: 228
2024-11-16 09:21:12 [INFO]: lastRunTimestamp: 10:00:00 GMT+0100 (Ora standard dell’Europa centrale)
2024-11-16 09:21:12 [INFO]: tsAfter: 10:24:12 GMT+0100 (Ora standard dell’Europa centrale)
2024-11-16 09:21:12 [INFO]: tsBefore: 10:19:12 GMT+0100 (Ora standard dell’Europa centrale)
2024-11-16 09:21:12 [INFO]: Processing task ID: 229
2024-11-16 09:21:12 [INFO]: lastRunTimestamp: 10:00:00 GMT+0100 (Ora standard dell’Europa centrale)
2024-11-16 09:21:12 [INFO]: tsAfter: 10:24:12 GMT+0100 (Ora standard dell’Europa centrale)
2024-11-16 09:21:12 [INFO]: tsBefore: 10:19:12 GMT+0100 (Ora standard dell’Europa centrale)
2024-11-16 09:21:12 [INFO]: All tasks processed successfully.
2024-11-16 09:21:12 [INFO]: Database connection closed.
2024-11-16 09:21:45 [INFO]: Fetching tasks scheduled for execution...
2024-11-16 09:21:45 [INFO]: Connected to the database.
2024-11-16 09:21:45 [INFO]: Found 21 tasks to execute.
2024-11-16 09:21:45 [INFO]: Processing task ID: 185
2024-11-16 09:21:45 [INFO]: lastRunTimestamp: 10:00:00 GMT+0100 (Ora standard dell’Europa centrale)
2024-11-16 09:21:45 [INFO]: tsAfter: 10:24:45 GMT+0100 (Ora standard dell’Europa centrale)
2024-11-16 09:21:45 [INFO]: tsBefore: 10:19:45 GMT+0100 (Ora standard dell’Europa centrale)
2024-11-16 09:21:45 [INFO]: Processing task ID: 187
2024-11-16 09:21:45 [INFO]: lastRunTimestamp: 10:00:00 GMT+0100 (Ora standard dell’Europa centrale)
2024-11-16 09:21:45 [INFO]: tsAfter: 10:24:45 GMT+0100 (Ora standard dell’Europa centrale)
2024-11-16 09:21:45 [INFO]: tsBefore: 10:19:45 GMT+0100 (Ora standard dell’Europa centrale)
2024-11-16 09:21:45 [INFO]: Processing task ID: 188
2024-11-16 09:21:45 [INFO]: lastRunTimestamp: 10:00:00 GMT+0100 (Ora standard dell’Europa centrale)
2024-11-16 09:21:45 [INFO]: tsAfter: 10:24:45 GMT+0100 (Ora standard dell’Europa centrale)
2024-11-16 09:21:45 [INFO]: tsBefore: 10:19:45 GMT+0100 (Ora standard dell’Europa centrale)
2024-11-16 09:21:45 [INFO]: Processing task ID: 196
2024-11-16 09:21:45 [INFO]: lastRunTimestamp: 10:00:00 GMT+0100 (Ora standard dell’Europa centrale)
2024-11-16 09:21:45 [INFO]: tsAfter: 10:24:45 GMT+0100 (Ora standard dell’Europa centrale)
2024-11-16 09:21:45 [INFO]: tsBefore: 10:19:45 GMT+0100 (Ora standard dell’Europa centrale)
2024-11-16 09:21:45 [INFO]: Processing task ID: 199
2024-11-16 09:21:45 [INFO]: lastRunTimestamp: 10:00:00 GMT+0100 (Ora standard dell’Europa centrale)
2024-11-16 09:21:45 [INFO]: tsAfter: 10:24:45 GMT+0100 (Ora standard dell’Europa centrale)
2024-11-16 09:21:45 [INFO]: tsBefore: 10:19:45 GMT+0100 (Ora standard dell’Europa centrale)
2024-11-16 09:21:45 [INFO]: Processing task ID: 202
2024-11-16 09:21:45 [INFO]: lastRunTimestamp: 10:00:00 GMT+0100 (Ora standard dell’Europa centrale)
2024-11-16 09:21:45 [INFO]: tsAfter: 10:24:45 GMT+0100 (Ora standard dell’Europa centrale)
2024-11-16 09:21:45 [INFO]: tsBefore: 10:19:45 GMT+0100 (Ora standard dell’Europa centrale)
2024-11-16 09:21:45 [INFO]: Processing task ID: 204
2024-11-16 09:21:45 [INFO]: lastRunTimestamp: 10:00:00 GMT+0100 (Ora standard dell’Europa centrale)
2024-11-16 09:21:45 [INFO]: tsAfter: 10:24:45 GMT+0100 (Ora standard dell’Europa centrale)
2024-11-16 09:21:45 [INFO]: tsBefore: 10:19:45 GMT+0100 (Ora standard dell’Europa centrale)
2024-11-16 09:21:45 [INFO]: Processing task ID: 205
2024-11-16 09:21:45 [INFO]: lastRunTimestamp: 10:00:00 GMT+0100 (Ora standard dell’Europa centrale)
2024-11-16 09:21:45 [INFO]: tsAfter: 10:24:45 GMT+0100 (Ora standard dell’Europa centrale)
2024-11-16 09:21:45 [INFO]: tsBefore: 10:19:45 GMT+0100 (Ora standard dell’Europa centrale)
2024-11-16 09:21:45 [INFO]: Processing task ID: 208
2024-11-16 09:21:45 [INFO]: lastRunTimestamp: 10:00:00 GMT+0100 (Ora standard dell’Europa centrale)
2024-11-16 09:21:45 [INFO]: tsAfter: 10:24:45 GMT+0100 (Ora standard dell’Europa centrale)
2024-11-16 09:21:45 [INFO]: tsBefore: 10:19:45 GMT+0100 (Ora standard dell’Europa centrale)
2024-11-16 09:21:45 [INFO]: Processing task ID: 209
2024-11-16 09:21:45 [INFO]: lastRunTimestamp: 10:00:00 GMT+0100 (Ora standard dell’Europa centrale)
2024-11-16 09:21:45 [INFO]: tsAfter: 10:24:45 GMT+0100 (Ora standard dell’Europa centrale)
2024-11-16 09:21:45 [INFO]: tsBefore: 10:19:45 GMT+0100 (Ora standard dell’Europa centrale)
2024-11-16 09:21:45 [INFO]: Processing task ID: 211
2024-11-16 09:21:45 [INFO]: lastRunTimestamp: 10:00:00 GMT+0100 (Ora standard dell’Europa centrale)
2024-11-16 09:21:45 [INFO]: tsAfter: 10:24:45 GMT+0100 (Ora standard dell’Europa centrale)
2024-11-16 09:21:45 [INFO]: tsBefore: 10:19:45 GMT+0100 (Ora standard dell’Europa centrale)
2024-11-16 09:21:45 [INFO]: Processing task ID: 212
2024-11-16 09:21:45 [INFO]: lastRunTimestamp: 10:00:00 GMT+0100 (Ora standard dell’Europa centrale)
2024-11-16 09:21:45 [INFO]: tsAfter: 10:24:45 GMT+0100 (Ora standard dell’Europa centrale)
2024-11-16 09:21:45 [INFO]: tsBefore: 10:19:45 GMT+0100 (Ora standard dell’Europa centrale)
2024-11-16 09:21:45 [INFO]: Processing task ID: 213
2024-11-16 09:21:45 [INFO]: lastRunTimestamp: 10:00:00 GMT+0100 (Ora standard dell’Europa centrale)
2024-11-16 09:21:45 [INFO]: tsAfter: 10:24:45 GMT+0100 (Ora standard dell’Europa centrale)
2024-11-16 09:21:45 [INFO]: tsBefore: 10:19:45 GMT+0100 (Ora standard dell’Europa centrale)
2024-11-16 09:21:45 [INFO]: Processing task ID: 218
2024-11-16 09:21:45 [INFO]: lastRunTimestamp: 10:00:00 GMT+0100 (Ora standard dell’Europa centrale)
2024-11-16 09:21:45 [INFO]: tsAfter: 10:24:45 GMT+0100 (Ora standard dell’Europa centrale)
2024-11-16 09:21:45 [INFO]: tsBefore: 10:19:45 GMT+0100 (Ora standard dell’Europa centrale)
2024-11-16 09:21:45 [INFO]: Processing task ID: 221
2024-11-16 09:21:45 [INFO]: lastRunTimestamp: 10:00:00 GMT+0100 (Ora standard dell’Europa centrale)
2024-11-16 09:21:45 [INFO]: tsAfter: 10:24:45 GMT+0100 (Ora standard dell’Europa centrale)
2024-11-16 09:21:45 [INFO]: tsBefore: 10:19:45 GMT+0100 (Ora standard dell’Europa centrale)
2024-11-16 09:21:45 [INFO]: Processing task ID: 223
2024-11-16 09:21:45 [INFO]: lastRunTimestamp: 10:00:00 GMT+0100 (Ora standard dell’Europa centrale)
2024-11-16 09:21:45 [INFO]: tsAfter: 10:24:45 GMT+0100 (Ora standard dell’Europa centrale)
2024-11-16 09:21:45 [INFO]: tsBefore: 10:19:45 GMT+0100 (Ora standard dell’Europa centrale)
2024-11-16 09:21:45 [INFO]: Processing task ID: 225
2024-11-16 09:21:45 [INFO]: lastRunTimestamp: 10:00:00 GMT+0100 (Ora standard dell’Europa centrale)
2024-11-16 09:21:45 [INFO]: tsAfter: 10:24:45 GMT+0100 (Ora standard dell’Europa centrale)
2024-11-16 09:21:45 [INFO]: tsBefore: 10:19:45 GMT+0100 (Ora standard dell’Europa centrale)
2024-11-16 09:21:45 [INFO]: Processing task ID: 226
2024-11-16 09:21:45 [INFO]: lastRunTimestamp: 10:00:00 GMT+0100 (Ora standard dell’Europa centrale)
2024-11-16 09:21:45 [INFO]: tsAfter: 10:24:45 GMT+0100 (Ora standard dell’Europa centrale)
2024-11-16 09:21:45 [INFO]: tsBefore: 10:19:45 GMT+0100 (Ora standard dell’Europa centrale)
2024-11-16 09:21:45 [INFO]: Processing task ID: 228
2024-11-16 09:21:45 [INFO]: lastRunTimestamp: 10:00:00 GMT+0100 (Ora standard dell’Europa centrale)
2024-11-16 09:21:45 [INFO]: tsAfter: 10:24:45 GMT+0100 (Ora standard dell’Europa centrale)
2024-11-16 09:21:45 [INFO]: tsBefore: 10:19:45 GMT+0100 (Ora standard dell’Europa centrale)
2024-11-16 09:21:45 [INFO]: Processing task ID: 229
2024-11-16 09:21:45 [INFO]: lastRunTimestamp: 10:00:00 GMT+0100 (Ora standard dell’Europa centrale)
2024-11-16 09:21:45 [INFO]: tsAfter: 10:24:45 GMT+0100 (Ora standard dell’Europa centrale)
2024-11-16 09:21:45 [INFO]: tsBefore: 10:19:45 GMT+0100 (Ora standard dell’Europa centrale)
2024-11-16 09:21:45 [INFO]: Processing task ID: 232
2024-11-16 09:21:45 [INFO]: lastRunTimestamp: 12:20:00 GMT+0100 (Ora standard dell’Europa centrale)
2024-11-16 09:21:45 [INFO]: tsAfter: 10:24:45 GMT+0100 (Ora standard dell’Europa centrale)
2024-11-16 09:21:45 [INFO]: tsBefore: 10:19:45 GMT+0100 (Ora standard dell’Europa centrale)
2024-11-16 09:21:45 [INFO]: All tasks processed successfully.
2024-11-16 09:21:45 [INFO]: Database connection closed.
2024-11-16 09:22:07 [INFO]: Fetching tasks scheduled for execution...
2024-11-16 09:22:07 [INFO]: Connected to the database.
2024-11-16 09:22:07 [INFO]: Found 21 tasks to execute.
2024-11-16 09:22:07 [INFO]: Processing task ID: 185
2024-11-16 09:22:07 [INFO]: lastRunTimestamp: 10:00:00 GMT+0100 (Ora standard dell’Europa centrale)
2024-11-16 09:22:07 [INFO]: tsAfter: 10:25:07 GMT+0100 (Ora standard dell’Europa centrale)
2024-11-16 09:22:07 [INFO]: tsBefore: 10:20:07 GMT+0100 (Ora standard dell’Europa centrale)
2024-11-16 09:22:07 [INFO]: Processing task ID: 187
2024-11-16 09:22:07 [INFO]: lastRunTimestamp: 10:00:00 GMT+0100 (Ora standard dell’Europa centrale)
2024-11-16 09:22:07 [INFO]: tsAfter: 10:25:07 GMT+0100 (Ora standard dell’Europa centrale)
2024-11-16 09:22:07 [INFO]: tsBefore: 10:20:07 GMT+0100 (Ora standard dell’Europa centrale)
2024-11-16 09:22:07 [INFO]: Processing task ID: 188
2024-11-16 09:22:07 [INFO]: lastRunTimestamp: 10:00:00 GMT+0100 (Ora standard dell’Europa centrale)
2024-11-16 09:22:07 [INFO]: tsAfter: 10:25:07 GMT+0100 (Ora standard dell’Europa centrale)
2024-11-16 09:22:07 [INFO]: tsBefore: 10:20:07 GMT+0100 (Ora standard dell’Europa centrale)
2024-11-16 09:22:07 [INFO]: Processing task ID: 196
2024-11-16 09:22:07 [INFO]: lastRunTimestamp: 10:00:00 GMT+0100 (Ora standard dell’Europa centrale)
2024-11-16 09:22:07 [INFO]: tsAfter: 10:25:07 GMT+0100 (Ora standard dell’Europa centrale)
2024-11-16 09:22:07 [INFO]: tsBefore: 10:20:07 GMT+0100 (Ora standard dell’Europa centrale)
2024-11-16 09:22:07 [INFO]: Processing task ID: 199
2024-11-16 09:22:07 [INFO]: lastRunTimestamp: 10:00:00 GMT+0100 (Ora standard dell’Europa centrale)
2024-11-16 09:22:07 [INFO]: tsAfter: 10:25:07 GMT+0100 (Ora standard dell’Europa centrale)
2024-11-16 09:22:07 [INFO]: tsBefore: 10:20:07 GMT+0100 (Ora standard dell’Europa centrale)
2024-11-16 09:22:07 [INFO]: Processing task ID: 202
2024-11-16 09:22:07 [INFO]: lastRunTimestamp: 10:00:00 GMT+0100 (Ora standard dell’Europa centrale)
2024-11-16 09:22:07 [INFO]: tsAfter: 10:25:07 GMT+0100 (Ora standard dell’Europa centrale)
2024-11-16 09:22:07 [INFO]: tsBefore: 10:20:07 GMT+0100 (Ora standard dell’Europa centrale)
2024-11-16 09:22:07 [INFO]: Processing task ID: 204
2024-11-16 09:22:07 [INFO]: lastRunTimestamp: 10:00:00 GMT+0100 (Ora standard dell’Europa centrale)
2024-11-16 09:22:07 [INFO]: tsAfter: 10:25:07 GMT+0100 (Ora standard dell’Europa centrale)
2024-11-16 09:22:07 [INFO]: tsBefore: 10:20:07 GMT+0100 (Ora standard dell’Europa centrale)
2024-11-16 09:22:07 [INFO]: Processing task ID: 205
2024-11-16 09:22:07 [INFO]: lastRunTimestamp: 10:00:00 GMT+0100 (Ora standard dell’Europa centrale)
2024-11-16 09:22:07 [INFO]: tsAfter: 10:25:07 GMT+0100 (Ora standard dell’Europa centrale)
2024-11-16 09:22:07 [INFO]: tsBefore: 10:20:07 GMT+0100 (Ora standard dell’Europa centrale)
2024-11-16 09:22:07 [INFO]: Processing task ID: 208
2024-11-16 09:22:07 [INFO]: lastRunTimestamp: 10:00:00 GMT+0100 (Ora standard dell’Europa centrale)
2024-11-16 09:22:07 [INFO]: tsAfter: 10:25:07 GMT+0100 (Ora standard dell’Europa centrale)
2024-11-16 09:22:07 [INFO]: tsBefore: 10:20:07 GMT+0100 (Ora standard dell’Europa centrale)
2024-11-16 09:22:07 [INFO]: Processing task ID: 209
2024-11-16 09:22:07 [INFO]: lastRunTimestamp: 10:00:00 GMT+0100 (Ora standard dell’Europa centrale)
2024-11-16 09:22:07 [INFO]: tsAfter: 10:25:07 GMT+0100 (Ora standard dell’Europa centrale)
2024-11-16 09:22:07 [INFO]: tsBefore: 10:20:07 GMT+0100 (Ora standard dell’Europa centrale)
2024-11-16 09:22:07 [INFO]: Processing task ID: 211
2024-11-16 09:22:07 [INFO]: lastRunTimestamp: 10:00:00 GMT+0100 (Ora standard dell’Europa centrale)
2024-11-16 09:22:07 [INFO]: tsAfter: 10:25:07 GMT+0100 (Ora standard dell’Europa centrale)
2024-11-16 09:22:07 [INFO]: tsBefore: 10:20:07 GMT+0100 (Ora standard dell’Europa centrale)
2024-11-16 09:22:07 [INFO]: Processing task ID: 212
2024-11-16 09:22:07 [INFO]: lastRunTimestamp: 10:00:00 GMT+0100 (Ora standard dell’Europa centrale)
2024-11-16 09:22:07 [INFO]: tsAfter: 10:25:07 GMT+0100 (Ora standard dell’Europa centrale)
2024-11-16 09:22:07 [INFO]: tsBefore: 10:20:07 GMT+0100 (Ora standard dell’Europa centrale)
2024-11-16 09:22:07 [INFO]: Processing task ID: 213
2024-11-16 09:22:07 [INFO]: lastRunTimestamp: 10:00:00 GMT+0100 (Ora standard dell’Europa centrale)
2024-11-16 09:22:07 [INFO]: tsAfter: 10:25:07 GMT+0100 (Ora standard dell’Europa centrale)
2024-11-16 09:22:07 [INFO]: tsBefore: 10:20:07 GMT+0100 (Ora standard dell’Europa centrale)
2024-11-16 09:22:07 [INFO]: Processing task ID: 218
2024-11-16 09:22:07 [INFO]: lastRunTimestamp: 10:00:00 GMT+0100 (Ora standard dell’Europa centrale)
2024-11-16 09:22:07 [INFO]: tsAfter: 10:25:07 GMT+0100 (Ora standard dell’Europa centrale)
2024-11-16 09:22:07 [INFO]: tsBefore: 10:20:07 GMT+0100 (Ora standard dell’Europa centrale)
2024-11-16 09:22:07 [INFO]: Processing task ID: 221
2024-11-16 09:22:07 [INFO]: lastRunTimestamp: 10:00:00 GMT+0100 (Ora standard dell’Europa centrale)
2024-11-16 09:22:07 [INFO]: tsAfter: 10:25:07 GMT+0100 (Ora standard dell’Europa centrale)
2024-11-16 09:22:07 [INFO]: tsBefore: 10:20:07 GMT+0100 (Ora standard dell’Europa centrale)
2024-11-16 09:22:07 [INFO]: Processing task ID: 223
2024-11-16 09:22:07 [INFO]: lastRunTimestamp: 10:00:00 GMT+0100 (Ora standard dell’Europa centrale)
2024-11-16 09:22:07 [INFO]: tsAfter: 10:25:07 GMT+0100 (Ora standard dell’Europa centrale)
2024-11-16 09:22:07 [INFO]: tsBefore: 10:20:07 GMT+0100 (Ora standard dell’Europa centrale)
2024-11-16 09:22:07 [INFO]: Processing task ID: 225
2024-11-16 09:22:07 [INFO]: lastRunTimestamp: 10:00:00 GMT+0100 (Ora standard dell’Europa centrale)
2024-11-16 09:22:07 [INFO]: tsAfter: 10:25:07 GMT+0100 (Ora standard dell’Europa centrale)
2024-11-16 09:22:07 [INFO]: tsBefore: 10:20:07 GMT+0100 (Ora standard dell’Europa centrale)
2024-11-16 09:22:07 [INFO]: Processing task ID: 226
2024-11-16 09:22:07 [INFO]: lastRunTimestamp: 10:00:00 GMT+0100 (Ora standard dell’Europa centrale)
2024-11-16 09:22:07 [INFO]: tsAfter: 10:25:07 GMT+0100 (Ora standard dell’Europa centrale)
2024-11-16 09:22:07 [INFO]: tsBefore: 10:20:07 GMT+0100 (Ora standard dell’Europa centrale)
2024-11-16 09:22:07 [INFO]: Processing task ID: 228
2024-11-16 09:22:07 [INFO]: lastRunTimestamp: 10:00:00 GMT+0100 (Ora standard dell’Europa centrale)
2024-11-16 09:22:07 [INFO]: tsAfter: 10:25:07 GMT+0100 (Ora standard dell’Europa centrale)
2024-11-16 09:22:07 [INFO]: tsBefore: 10:20:07 GMT+0100 (Ora standard dell’Europa centrale)
2024-11-16 09:22:07 [INFO]: Processing task ID: 229
2024-11-16 09:22:07 [INFO]: lastRunTimestamp: 10:00:00 GMT+0100 (Ora standard dell’Europa centrale)
2024-11-16 09:22:07 [INFO]: tsAfter: 10:25:07 GMT+0100 (Ora standard dell’Europa centrale)
2024-11-16 09:22:07 [INFO]: tsBefore: 10:20:07 GMT+0100 (Ora standard dell’Europa centrale)
2024-11-16 09:22:07 [INFO]: Processing task ID: 232
2024-11-16 09:22:07 [INFO]: lastRunTimestamp: 12:20:00 GMT+0100 (Ora standard dell’Europa centrale)
2024-11-16 09:22:07 [INFO]: tsAfter: 10:25:07 GMT+0100 (Ora standard dell’Europa centrale)
2024-11-16 09:22:07 [INFO]: tsBefore: 10:20:07 GMT+0100 (Ora standard dell’Europa centrale)
2024-11-16 09:22:07 [INFO]: All tasks processed successfully.
2024-11-16 09:22:07 [INFO]: Database connection closed.
2024-11-16 09:22:39 [INFO]: Fetching tasks scheduled for execution...
2024-11-16 09:22:39 [INFO]: Connected to the database.
2024-11-16 09:22:39 [INFO]: Found 21 tasks to execute.
2024-11-16 09:22:39 [INFO]: Processing task ID: 185
2024-11-16 09:22:39 [INFO]: lastRunTimestamp: 10:00:00 GMT+0100 (Ora standard dell’Europa centrale)
2024-11-16 09:22:39 [INFO]: tsAfter: 10:25:39 GMT+0100 (Ora standard dell’Europa centrale)
2024-11-16 09:22:39 [INFO]: tsBefore: 10:20:39 GMT+0100 (Ora standard dell’Europa centrale)
2024-11-16 09:22:39 [INFO]: Processing task ID: 187
2024-11-16 09:22:39 [INFO]: lastRunTimestamp: 10:00:00 GMT+0100 (Ora standard dell’Europa centrale)
2024-11-16 09:22:39 [INFO]: tsAfter: 10:25:39 GMT+0100 (Ora standard dell’Europa centrale)
2024-11-16 09:22:39 [INFO]: tsBefore: 10:20:39 GMT+0100 (Ora standard dell’Europa centrale)
2024-11-16 09:22:39 [INFO]: Processing task ID: 188
2024-11-16 09:22:39 [INFO]: lastRunTimestamp: 10:00:00 GMT+0100 (Ora standard dell’Europa centrale)
2024-11-16 09:22:39 [INFO]: tsAfter: 10:25:39 GMT+0100 (Ora standard dell’Europa centrale)
2024-11-16 09:22:39 [INFO]: tsBefore: 10:20:39 GMT+0100 (Ora standard dell’Europa centrale)
2024-11-16 09:22:39 [INFO]: Processing task ID: 196
2024-11-16 09:22:39 [INFO]: lastRunTimestamp: 10:00:00 GMT+0100 (Ora standard dell’Europa centrale)
2024-11-16 09:22:39 [INFO]: tsAfter: 10:25:39 GMT+0100 (Ora standard dell’Europa centrale)
2024-11-16 09:22:39 [INFO]: tsBefore: 10:20:39 GMT+0100 (Ora standard dell’Europa centrale)
2024-11-16 09:22:39 [INFO]: Processing task ID: 199
2024-11-16 09:22:39 [INFO]: lastRunTimestamp: 10:00:00 GMT+0100 (Ora standard dell’Europa centrale)
2024-11-16 09:22:39 [INFO]: tsAfter: 10:25:39 GMT+0100 (Ora standard dell’Europa centrale)
2024-11-16 09:22:39 [INFO]: tsBefore: 10:20:39 GMT+0100 (Ora standard dell’Europa centrale)
2024-11-16 09:22:39 [INFO]: Processing task ID: 202
2024-11-16 09:22:39 [INFO]: lastRunTimestamp: 10:00:00 GMT+0100 (Ora standard dell’Europa centrale)
2024-11-16 09:22:39 [INFO]: tsAfter: 10:25:39 GMT+0100 (Ora standard dell’Europa centrale)
2024-11-16 09:22:39 [INFO]: tsBefore: 10:20:39 GMT+0100 (Ora standard dell’Europa centrale)
2024-11-16 09:22:39 [INFO]: Processing task ID: 204
2024-11-16 09:22:39 [INFO]: lastRunTimestamp: 10:00:00 GMT+0100 (Ora standard dell’Europa centrale)
2024-11-16 09:22:39 [INFO]: tsAfter: 10:25:39 GMT+0100 (Ora standard dell’Europa centrale)
2024-11-16 09:22:39 [INFO]: tsBefore: 10:20:39 GMT+0100 (Ora standard dell’Europa centrale)
2024-11-16 09:22:39 [INFO]: Processing task ID: 205
2024-11-16 09:22:39 [INFO]: lastRunTimestamp: 10:00:00 GMT+0100 (Ora standard dell’Europa centrale)
2024-11-16 09:22:39 [INFO]: tsAfter: 10:25:39 GMT+0100 (Ora standard dell’Europa centrale)
2024-11-16 09:22:39 [INFO]: tsBefore: 10:20:39 GMT+0100 (Ora standard dell’Europa centrale)
2024-11-16 09:22:39 [INFO]: Processing task ID: 208
2024-11-16 09:22:39 [INFO]: lastRunTimestamp: 10:00:00 GMT+0100 (Ora standard dell’Europa centrale)
2024-11-16 09:22:39 [INFO]: tsAfter: 10:25:39 GMT+0100 (Ora standard dell’Europa centrale)
2024-11-16 09:22:39 [INFO]: tsBefore: 10:20:39 GMT+0100 (Ora standard dell’Europa centrale)
2024-11-16 09:22:39 [INFO]: Processing task ID: 209
2024-11-16 09:22:39 [INFO]: lastRunTimestamp: 10:00:00 GMT+0100 (Ora standard dell’Europa centrale)
2024-11-16 09:22:39 [INFO]: tsAfter: 10:25:39 GMT+0100 (Ora standard dell’Europa centrale)
2024-11-16 09:22:39 [INFO]: tsBefore: 10:20:39 GMT+0100 (Ora standard dell’Europa centrale)
2024-11-16 09:22:39 [INFO]: Processing task ID: 211
2024-11-16 09:22:39 [INFO]: lastRunTimestamp: 10:00:00 GMT+0100 (Ora standard dell’Europa centrale)
2024-11-16 09:22:39 [INFO]: tsAfter: 10:25:39 GMT+0100 (Ora standard dell’Europa centrale)
2024-11-16 09:22:39 [INFO]: tsBefore: 10:20:39 GMT+0100 (Ora standard dell’Europa centrale)
2024-11-16 09:22:39 [INFO]: Processing task ID: 212
2024-11-16 09:22:39 [INFO]: lastRunTimestamp: 10:00:00 GMT+0100 (Ora standard dell’Europa centrale)
2024-11-16 09:22:39 [INFO]: tsAfter: 10:25:39 GMT+0100 (Ora standard dell’Europa centrale)
2024-11-16 09:22:39 [INFO]: tsBefore: 10:20:39 GMT+0100 (Ora standard dell’Europa centrale)
2024-11-16 09:22:39 [INFO]: Processing task ID: 213
2024-11-16 09:22:39 [INFO]: lastRunTimestamp: 10:00:00 GMT+0100 (Ora standard dell’Europa centrale)
2024-11-16 09:22:39 [INFO]: tsAfter: 10:25:39 GMT+0100 (Ora standard dell’Europa centrale)
2024-11-16 09:22:39 [INFO]: tsBefore: 10:20:39 GMT+0100 (Ora standard dell’Europa centrale)
2024-11-16 09:22:39 [INFO]: Processing task ID: 218
2024-11-16 09:22:39 [INFO]: lastRunTimestamp: 10:00:00 GMT+0100 (Ora standard dell’Europa centrale)
2024-11-16 09:22:39 [INFO]: tsAfter: 10:25:39 GMT+0100 (Ora standard dell’Europa centrale)
2024-11-16 09:22:39 [INFO]: tsBefore: 10:20:39 GMT+0100 (Ora standard dell’Europa centrale)
2024-11-16 09:22:39 [INFO]: Processing task ID: 221
2024-11-16 09:22:39 [INFO]: lastRunTimestamp: 10:00:00 GMT+0100 (Ora standard dell’Europa centrale)
2024-11-16 09:22:39 [INFO]: tsAfter: 10:25:39 GMT+0100 (Ora standard dell’Europa centrale)
2024-11-16 09:22:39 [INFO]: tsBefore: 10:20:39 GMT+0100 (Ora standard dell’Europa centrale)
2024-11-16 09:22:39 [INFO]: Processing task ID: 223
2024-11-16 09:22:39 [INFO]: lastRunTimestamp: 10:00:00 GMT+0100 (Ora standard dell’Europa centrale)
2024-11-16 09:22:39 [INFO]: tsAfter: 10:25:39 GMT+0100 (Ora standard dell’Europa centrale)
2024-11-16 09:22:39 [INFO]: tsBefore: 10:20:39 GMT+0100 (Ora standard dell’Europa centrale)
2024-11-16 09:22:39 [INFO]: Processing task ID: 225
2024-11-16 09:22:39 [INFO]: lastRunTimestamp: 10:00:00 GMT+0100 (Ora standard dell’Europa centrale)
2024-11-16 09:22:39 [INFO]: tsAfter: 10:25:39 GMT+0100 (Ora standard dell’Europa centrale)
2024-11-16 09:22:39 [INFO]: tsBefore: 10:20:39 GMT+0100 (Ora standard dell’Europa centrale)
2024-11-16 09:22:39 [INFO]: Processing task ID: 226
2024-11-16 09:22:39 [INFO]: lastRunTimestamp: 10:00:00 GMT+0100 (Ora standard dell’Europa centrale)
2024-11-16 09:22:39 [INFO]: tsAfter: 10:25:39 GMT+0100 (Ora standard dell’Europa centrale)
2024-11-16 09:22:39 [INFO]: tsBefore: 10:20:39 GMT+0100 (Ora standard dell’Europa centrale)
2024-11-16 09:22:39 [INFO]: Processing task ID: 228
2024-11-16 09:22:39 [INFO]: lastRunTimestamp: 10:00:00 GMT+0100 (Ora standard dell’Europa centrale)
2024-11-16 09:22:39 [INFO]: tsAfter: 10:25:39 GMT+0100 (Ora standard dell’Europa centrale)
2024-11-16 09:22:39 [INFO]: tsBefore: 10:20:39 GMT+0100 (Ora standard dell’Europa centrale)
2024-11-16 09:22:39 [INFO]: Processing task ID: 229
2024-11-16 09:22:39 [INFO]: lastRunTimestamp: 10:00:00 GMT+0100 (Ora standard dell’Europa centrale)
2024-11-16 09:22:39 [INFO]: tsAfter: 10:25:39 GMT+0100 (Ora standard dell’Europa centrale)
2024-11-16 09:22:39 [INFO]: tsBefore: 10:20:39 GMT+0100 (Ora standard dell’Europa centrale)
2024-11-16 09:22:39 [INFO]: Processing task ID: 232
2024-11-16 09:22:39 [INFO]: lastRunTimestamp: 12:20:00 GMT+0100 (Ora standard dell’Europa centrale)
2024-11-16 09:22:39 [INFO]: tsAfter: 10:25:39 GMT+0100 (Ora standard dell’Europa centrale)
2024-11-16 09:22:39 [INFO]: tsBefore: 10:20:39 GMT+0100 (Ora standard dell’Europa centrale)
2024-11-16 09:22:39 [INFO]: All tasks processed successfully.
2024-11-16 09:22:39 [INFO]: Database connection closed.
